{"meta": {"format": 3, "version": "7.12.0", "timestamp": "2025-11-23T20:06:59.052341", "branch_coverage": false, "show_contexts": false}, "files": {"src/api/__init__.py": {"executed_lines": [0], "summary": {"covered_lines": 0, "num_statements": 0, "percent_covered": 100.0, "percent_covered_display": "100", "missing_lines": 0, "excluded_lines": 0, "percent_statements_covered": 100.0, "percent_statements_covered_display": "100"}, "missing_lines": [], "excluded_lines": [], "functions": {"": {"executed_lines": [], "summary": {"covered_lines": 0, "num_statements": 0, "percent_covered": 100.0, "percent_covered_display": "100", "missing_lines": 0, "excluded_lines": 0, "percent_statements_covered": 100.0, "percent_statements_covered_display": "100"}, "missing_lines": [], "excluded_lines": []}}, "classes": {"": {"executed_lines": [], "summary": {"covered_lines": 0, "num_statements": 0, "percent_covered": 100.0, "percent_covered_display": "100", "missing_lines": 0, "excluded_lines": 0, "percent_statements_covered": 100.0, "percent_statements_covered_display": "100"}, "missing_lines": [], "excluded_lines": []}}}, "src/api/app.py": {"executed_lines": [1, 6, 7, 9, 10, 11, 12, 15, 22, 25, 26, 27, 28, 31, 40, 43, 46, 49, 50, 52, 63, 67, 70], "summary": {"covered_lines": 22, "num_statements": 24, "percent_covered": 91.66666666666667, "percent_covered_display": "92", "missing_lines": 2, "excluded_lines": 0, "percent_statements_covered": 91.66666666666667, "percent_statements_covered_display": "92"}, "missing_lines": [72, 73], "excluded_lines": [], "functions": {"create_app": {"executed_lines": [22, 25, 26, 27, 28, 31, 40, 43, 46, 49, 50, 63], "summary": {"covered_lines": 12, "num_statements": 12, "percent_covered": 100.0, "percent_covered_display": "100", "missing_lines": 0, "excluded_lines": 0, "percent_statements_covered": 100.0, "percent_statements_covered_display": "100"}, "missing_lines": [], "excluded_lines": []}, "create_app.index": {"executed_lines": [52], "summary": {"covered_lines": 1, "num_statements": 1, "percent_covered": 100.0, "percent_covered_display": "100", "missing_lines": 0, "excluded_lines": 0, "percent_statements_covered": 100.0, "percent_statements_covered_display": "100"}, "missing_lines": [], "excluded_lines": []}, "": {"executed_lines": [1, 6, 7, 9, 10, 11, 12, 15, 67, 70], "summary": {"covered_lines": 9, "num_statements": 11, "percent_covered": 81.81818181818181, "percent_covered_display": "82", "missing_lines": 2, "excluded_lines": 0, "percent_statements_covered": 81.81818181818181, "percent_statements_covered_display": "82"}, "missing_lines": [72, 73], "excluded_lines": []}}, "classes": {"": {"executed_lines": [1, 6, 7, 9, 10, 11, 12, 15, 22, 25, 26, 27, 28, 31, 40, 43, 46, 49, 50, 52, 63, 67, 70], "summary": {"covered_lines": 22, "num_statements": 24, "percent_covered": 91.66666666666667, "percent_covered_display": "92", "missing_lines": 2, "excluded_lines": 0, "percent_statements_covered": 91.66666666666667, "percent_statements_covered_display": "92"}, "missing_lines": [72, 73], "excluded_lines": []}}}, "src/api/middleware/__init__.py": {"executed_lines": [0], "summary": {"covered_lines": 0, "num_statements": 0, "percent_covered": 100.0, "percent_covered_display": "100", "missing_lines": 0, "excluded_lines": 0, "percent_statements_covered": 100.0, "percent_statements_covered_display": "100"}, "missing_lines": [], "excluded_lines": [], "functions": {"": {"executed_lines": [], "summary": {"covered_lines": 0, "num_statements": 0, "percent_covered": 100.0, "percent_covered_display": "100", "missing_lines": 0, "excluded_lines": 0, "percent_statements_covered": 100.0, "percent_statements_covered_display": "100"}, "missing_lines": [], "excluded_lines": []}}, "classes": {"": {"executed_lines": [], "summary": {"covered_lines": 0, "num_statements": 0, "percent_covered": 100.0, "percent_covered_display": "100", "missing_lines": 0, "excluded_lines": 0, "percent_statements_covered": 100.0, "percent_statements_covered_display": "100"}, "missing_lines": [], "excluded_lines": []}}}, "src/api/middleware/auth.py": {"executed_lines": [1, 6, 7, 9, 10, 12, 13, 14, 17, 18, 26, 29, 30, 36, 37, 39, 49, 50, 52, 53, 54, 57, 59, 60, 64, 70, 71, 76, 82, 83, 85, 89], "summary": {"covered_lines": 30, "num_statements": 31, "percent_covered": 96.7741935483871, "percent_covered_display": "97", "missing_lines": 1, "excluded_lines": 0, "percent_statements_covered": 96.7741935483871, "percent_statements_covered_display": "97"}, "missing_lines": [11], "excluded_lines": [], "functions": {"APIKeyAuth.__init__": {"executed_lines": [29, 30, 36, 37], "summary": {"covered_lines": 4, "num_statements": 4, "percent_covered": 100.0, "percent_covered_display": "100", "missing_lines": 0, "excluded_lines": 0, "percent_statements_covered": 100.0, "percent_statements_covered_display": "100"}, "missing_lines": [], "excluded_lines": []}, "APIKeyAuth.require_api_key": {"executed_lines": [49, 50, 85], "summary": {"covered_lines": 3, "num_statements": 3, "percent_covered": 100.0, "percent_covered_display": "100", "missing_lines": 0, "excluded_lines": 0, "percent_statements_covered": 100.0, "percent_statements_covered_display": "100"}, "missing_lines": [], "excluded_lines": []}, "APIKeyAuth.require_api_key.decorated_function": {"executed_lines": [52, 53, 54, 57, 59, 60, 64, 70, 71, 76, 82, 83], "summary": {"covered_lines": 12, "num_statements": 12, "percent_covered": 100.0, "percent_covered_display": "100", "missing_lines": 0, "excluded_lines": 0, "percent_statements_covered": 100.0, "percent_statements_covered_display": "100"}, "missing_lines": [], "excluded_lines": []}, "": {"executed_lines": [1, 6, 7, 9, 10, 12, 13, 14, 17, 18, 26, 39, 89], "summary": {"covered_lines": 11, "num_statements": 12, "percent_covered": 91.66666666666667, "percent_covered_display": "92", "missing_lines": 1, "excluded_lines": 0, "percent_statements_covered": 91.66666666666667, "percent_statements_covered_display": "92"}, "missing_lines": [11], "excluded_lines": []}}, "classes": {"APIKeyAuth": {"executed_lines": [29, 30, 36, 37, 49, 50, 52, 53, 54, 57, 59, 60, 64, 70, 71, 76, 82, 83, 85], "summary": {"covered_lines": 19, "num_statements": 19, "percent_covered": 100.0, "percent_covered_display": "100", "missing_lines": 0, "excluded_lines": 0, "percent_statements_covered": 100.0, "percent_statements_covered_display": "100"}, "missing_lines": [], "excluded_lines": []}, "": {"executed_lines": [1, 6, 7, 9, 10, 12, 13, 14, 17, 18, 26, 39, 89], "summary": {"covered_lines": 11, "num_statements": 12, "percent_covered": 91.66666666666667, "percent_covered_display": "92", "missing_lines": 1, "excluded_lines": 0, "percent_statements_covered": 91.66666666666667, "percent_statements_covered_display": "92"}, "missing_lines": [11], "excluded_lines": []}}}, "src/api/middleware/error_handler.py": {"executed_lines": [1, 6, 7, 9, 10, 11, 12, 15, 23, 24, 32, 33, 41, 42, 44, 45, 50, 51, 59, 60, 68, 69, 72, 76, 78, 83], "summary": {"covered_lines": 25, "num_statements": 34, "percent_covered": 73.52941176470588, "percent_covered_display": "74", "missing_lines": 9, "excluded_lines": 0, "percent_statements_covered": 73.52941176470588, "percent_statements_covered_display": "74"}, "missing_lines": [26, 27, 35, 36, 53, 54, 62, 63, 73], "excluded_lines": [], "functions": {"register_error_handlers": {"executed_lines": [23, 24, 32, 33, 41, 42, 50, 51, 59, 60, 68, 69, 83], "summary": {"covered_lines": 13, "num_statements": 13, "percent_covered": 100.0, "percent_covered_display": "100", "missing_lines": 0, "excluded_lines": 0, "percent_statements_covered": 100.0, "percent_statements_covered_display": "100"}, "missing_lines": [], "excluded_lines": []}, "register_error_handlers.bad_request": {"executed_lines": [], "summary": {"covered_lines": 0, "num_statements": 2, "percent_covered": 0.0, "percent_covered_display": "0", "missing_lines": 2, "excluded_lines": 0, "percent_statements_covered": 0.0, "percent_statements_covered_display": "0"}, "missing_lines": [26, 27], "excluded_lines": []}, "register_error_handlers.unauthorized": {"executed_lines": [], "summary": {"covered_lines": 0, "num_statements": 2, "percent_covered": 0.0, "percent_covered_display": "0", "missing_lines": 2, "excluded_lines": 0, "percent_statements_covered": 0.0, "percent_statements_covered_display": "0"}, "missing_lines": [35, 36], "excluded_lines": []}, "register_error_handlers.not_found": {"executed_lines": [44, 45], "summary": {"covered_lines": 2, "num_statements": 2, "percent_covered": 100.0, "percent_covered_display": "100", "missing_lines": 0, "excluded_lines": 0, "percent_statements_covered": 100.0, "percent_statements_covered_display": "100"}, "missing_lines": [], "excluded_lines": []}, "register_error_handlers.too_many_requests": {"executed_lines": [], "summary": {"covered_lines": 0, "num_statements": 2, "percent_covered": 0.0, "percent_covered_display": "0", "missing_lines": 2, "excluded_lines": 0, "percent_statements_covered": 0.0, "percent_statements_covered_display": "0"}, "missing_lines": [53, 54], "excluded_lines": []}, "register_error_handlers.internal_server_error": {"executed_lines": [], "summary": {"covered_lines": 0, "num_statements": 2, "percent_covered": 0.0, "percent_covered_display": "0", "missing_lines": 2, "excluded_lines": 0, "percent_statements_covered": 0.0, "percent_statements_covered_display": "0"}, "missing_lines": [62, 63], "excluded_lines": []}, "register_error_handlers.handle_unexpected_error": {"executed_lines": [72, 76, 78], "summary": {"covered_lines": 3, "num_statements": 4, "percent_covered": 75.0, "percent_covered_display": "75", "missing_lines": 1, "excluded_lines": 0, "percent_statements_covered": 75.0, "percent_statements_covered_display": "75"}, "missing_lines": [73], "excluded_lines": []}, "": {"executed_lines": [1, 6, 7, 9, 10, 11, 12, 15], "summary": {"covered_lines": 7, "num_statements": 7, "percent_covered": 100.0, "percent_covered_display": "100", "missing_lines": 0, "excluded_lines": 0, "percent_statements_covered": 100.0, "percent_statements_covered_display": "100"}, "missing_lines": [], "excluded_lines": []}}, "classes": {"": {"executed_lines": [1, 6, 7, 9, 10, 11, 12, 15, 23, 24, 32, 33, 41, 42, 44, 45, 50, 51, 59, 60, 68, 69, 72, 76, 78, 83], "summary": {"covered_lines": 25, "num_statements": 34, "percent_covered": 73.52941176470588, "percent_covered_display": "74", "missing_lines": 9, "excluded_lines": 0, "percent_statements_covered": 73.52941176470588, "percent_statements_covered_display": "74"}, "missing_lines": [26, 27, 35, 36, 53, 54, 62, 63, 73], "excluded_lines": []}}}, "src/api/middleware/rate_limiter.py": {"executed_lines": [], "summary": {"covered_lines": 0, "num_statements": 58, "percent_covered": 0.0, "percent_covered_display": "0", "missing_lines": 58, "excluded_lines": 0, "percent_statements_covered": 0.0, "percent_statements_covered_display": "0"}, "missing_lines": [6, 7, 8, 9, 11, 12, 13, 14, 17, 28, 40, 41, 44, 45, 47, 49, 51, 53, 55, 57, 59, 60, 63, 64, 65, 66, 69, 70, 71, 72, 74, 84, 86, 87, 90, 91, 92, 95, 96, 97, 100, 101, 103, 105, 115, 116, 118, 121, 123, 124, 130, 136, 138, 142, 143, 144, 145, 147], "excluded_lines": [], "functions": {"RateLimiter.__init__": {"executed_lines": [], "summary": {"covered_lines": 0, "num_statements": 5, "percent_covered": 0.0, "percent_covered_display": "0", "missing_lines": 5, "excluded_lines": 0, "percent_statements_covered": 0.0, "percent_statements_covered_display": "0"}, "missing_lines": [40, 41, 44, 45, 47], "excluded_lines": []}, "RateLimiter._get_hour_key": {"executed_lines": [], "summary": {"covered_lines": 0, "num_statements": 1, "percent_covered": 0.0, "percent_covered_display": "0", "missing_lines": 1, "excluded_lines": 0, "percent_statements_covered": 0.0, "percent_statements_covered_display": "0"}, "missing_lines": [51], "excluded_lines": []}, "RateLimiter._get_day_key": {"executed_lines": [], "summary": {"covered_lines": 0, "num_statements": 1, "percent_covered": 0.0, "percent_covered_display": "0", "missing_lines": 1, "excluded_lines": 0, "percent_statements_covered": 0.0, "percent_statements_covered_display": "0"}, "missing_lines": [55], "excluded_lines": []}, "RateLimiter._cleanup_old_entries": {"executed_lines": [], "summary": {"covered_lines": 0, "num_statements": 10, "percent_covered": 0.0, "percent_covered_display": "0", "missing_lines": 10, "excluded_lines": 0, "percent_statements_covered": 0.0, "percent_statements_covered_display": "0"}, "missing_lines": [59, 60, 63, 64, 65, 66, 69, 70, 71, 72], "excluded_lines": []}, "RateLimiter.check_rate_limit": {"executed_lines": [], "summary": {"covered_lines": 0, "num_statements": 12, "percent_covered": 0.0, "percent_covered_display": "0", "missing_lines": 12, "excluded_lines": 0, "percent_statements_covered": 0.0, "percent_statements_covered_display": "0"}, "missing_lines": [84, 86, 87, 90, 91, 92, 95, 96, 97, 100, 101, 103], "excluded_lines": []}, "RateLimiter.limit_rate": {"executed_lines": [], "summary": {"covered_lines": 0, "num_statements": 3, "percent_covered": 0.0, "percent_covered_display": "0", "missing_lines": 3, "excluded_lines": 0, "percent_statements_covered": 0.0, "percent_statements_covered_display": "0"}, "missing_lines": [115, 116, 138], "excluded_lines": []}, "RateLimiter.limit_rate.decorated_function": {"executed_lines": [], "summary": {"covered_lines": 0, "num_statements": 6, "percent_covered": 0.0, "percent_covered_display": "0", "missing_lines": 6, "excluded_lines": 0, "percent_statements_covered": 0.0, "percent_statements_covered_display": "0"}, "missing_lines": [118, 121, 123, 124, 130, 136], "excluded_lines": []}, "": {"executed_lines": [], "summary": {"covered_lines": 0, "num_statements": 20, "percent_covered": 0.0, "percent_covered_display": "0", "missing_lines": 20, "excluded_lines": 0, "percent_statements_covered": 0.0, "percent_statements_covered_display": "0"}, "missing_lines": [6, 7, 8, 9, 11, 12, 13, 14, 17, 28, 49, 53, 57, 74, 105, 142, 143, 144, 145, 147], "excluded_lines": []}}, "classes": {"RateLimiter": {"executed_lines": [], "summary": {"covered_lines": 0, "num_statements": 38, "percent_covered": 0.0, "percent_covered_display": "0", "missing_lines": 38, "excluded_lines": 0, "percent_statements_covered": 0.0, "percent_statements_covered_display": "0"}, "missing_lines": [40, 41, 44, 45, 47, 51, 55, 59, 60, 63, 64, 65, 66, 69, 70, 71, 72, 84, 86, 87, 90, 91, 92, 95, 96, 97, 100, 101, 103, 115, 116, 118, 121, 123, 124, 130, 136, 138], "excluded_lines": []}, "": {"executed_lines": [], "summary": {"covered_lines": 0, "num_statements": 20, "percent_covered": 0.0, "percent_covered_display": "0", "missing_lines": 20, "excluded_lines": 0, "percent_statements_covered": 0.0, "percent_statements_covered_display": "0"}, "missing_lines": [6, 7, 8, 9, 11, 12, 13, 14, 17, 28, 49, 53, 57, 74, 105, 142, 143, 144, 145, 147], "excluded_lines": []}}}, "src/api/routes/__init__.py": {"executed_lines": [0], "summary": {"covered_lines": 0, "num_statements": 0, "percent_covered": 100.0, "percent_covered_display": "100", "missing_lines": 0, "excluded_lines": 0, "percent_statements_covered": 100.0, "percent_statements_covered_display": "100"}, "missing_lines": [], "excluded_lines": [], "functions": {"": {"executed_lines": [], "summary": {"covered_lines": 0, "num_statements": 0, "percent_covered": 100.0, "percent_covered_display": "100", "missing_lines": 0, "excluded_lines": 0, "percent_statements_covered": 100.0, "percent_statements_covered_display": "100"}, "missing_lines": [], "excluded_lines": []}}, "classes": {"": {"executed_lines": [], "summary": {"covered_lines": 0, "num_statements": 0, "percent_covered": 100.0, "percent_covered_display": "100", "missing_lines": 0, "excluded_lines": 0, "percent_statements_covered": 100.0, "percent_statements_covered_display": "100"}, "missing_lines": [], "excluded_lines": []}}}, "src/api/routes/health.py": {"executed_lines": [1, 6, 7, 8, 10, 11, 13, 16, 17], "summary": {"covered_lines": 8, "num_statements": 41, "percent_covered": 19.51219512195122, "percent_covered_display": "20", "missing_lines": 33, "excluded_lines": 0, "percent_statements_covered": 19.51219512195122, "percent_statements_covered_display": "20"}, "missing_lines": [28, 36, 37, 39, 40, 42, 48, 53, 54, 56, 57, 58, 59, 61, 68, 74, 86, 87, 89, 90, 96, 101, 102, 104, 105, 110, 113, 115, 116, 117, 118, 119, 121], "excluded_lines": [], "functions": {"health_check": {"executed_lines": [], "summary": {"covered_lines": 0, "num_statements": 33, "percent_covered": 0.0, "percent_covered_display": "0", "missing_lines": 33, "excluded_lines": 0, "percent_statements_covered": 0.0, "percent_statements_covered_display": "0"}, "missing_lines": [28, 36, 37, 39, 40, 42, 48, 53, 54, 56, 57, 58, 59, 61, 68, 74, 86, 87, 89, 90, 96, 101, 102, 104, 105, 110, 113, 115, 116, 117, 118, 119, 121], "excluded_lines": []}, "": {"executed_lines": [1, 6, 7, 8, 10, 11, 13, 16, 17], "summary": {"covered_lines": 8, "num_statements": 8, "percent_covered": 100.0, "percent_covered_display": "100", "missing_lines": 0, "excluded_lines": 0, "percent_statements_covered": 100.0, "percent_statements_covered_display": "100"}, "missing_lines": [], "excluded_lines": []}}, "classes": {"": {"executed_lines": [1, 6, 7, 8, 10, 11, 13, 16, 17], "summary": {"covered_lines": 8, "num_statements": 41, "percent_covered": 19.51219512195122, "percent_covered_display": "20", "missing_lines": 33, "excluded_lines": 0, "percent_statements_covered": 19.51219512195122, "percent_statements_covered_display": "20"}, "missing_lines": [28, 36, 37, 39, 40, 42, 48, 53, 54, 56, 57, 58, 59, 61, 68, 74, 86, 87, 89, 90, 96, 101, 102, 104, 105, 110, 113, 115, 116, 117, 118, 119, 121], "excluded_lines": []}}}, "src/classifier/__init__.py": {"executed_lines": [0], "summary": {"covered_lines": 0, "num_statements": 0, "percent_covered": 100.0, "percent_covered_display": "100", "missing_lines": 0, "excluded_lines": 0, "percent_statements_covered": 100.0, "percent_statements_covered_display": "100"}, "missing_lines": [], "excluded_lines": [], "functions": {"": {"executed_lines": [], "summary": {"covered_lines": 0, "num_statements": 0, "percent_covered": 100.0, "percent_covered_display": "100", "missing_lines": 0, "excluded_lines": 0, "percent_statements_covered": 100.0, "percent_statements_covered_display": "100"}, "missing_lines": [], "excluded_lines": []}}, "classes": {"": {"executed_lines": [], "summary": {"covered_lines": 0, "num_statements": 0, "percent_covered": 100.0, "percent_covered_display": "100", "missing_lines": 0, "excluded_lines": 0, "percent_statements_covered": 100.0, "percent_statements_covered_display": "100"}, "missing_lines": [], "excluded_lines": []}}}, "src/classifier/ai_classifier.py": {"executed_lines": [1, 6, 7, 8, 9, 11, 14, 15, 16, 17, 18, 19, 20, 23, 24, 33, 86, 93, 95, 115, 117, 123, 127, 131, 136, 137, 138, 140, 157, 161, 174, 176, 177, 179, 180, 182, 183, 186, 187, 188, 189, 192, 193, 196, 197, 199, 206, 207, 208, 209, 211, 212, 213, 216, 217, 218], "summary": {"covered_lines": 52, "num_statements": 52, "percent_covered": 100.0, "percent_covered_display": "100", "missing_lines": 0, "excluded_lines": 0, "percent_statements_covered": 100.0, "percent_statements_covered_display": "100"}, "missing_lines": [], "excluded_lines": [], "functions": {"AIClassifier.__init__": {"executed_lines": [93], "summary": {"covered_lines": 1, "num_statements": 1, "percent_covered": 100.0, "percent_covered_display": "100", "missing_lines": 0, "excluded_lines": 0, "percent_statements_covered": 100.0, "percent_statements_covered_display": "100"}, "missing_lines": [], "excluded_lines": []}, "AIClassifier.classify": {"executed_lines": [115, 117, 123, 127, 131, 136, 137, 138], "summary": {"covered_lines": 8, "num_statements": 8, "percent_covered": 100.0, "percent_covered_display": "100", "missing_lines": 0, "excluded_lines": 0, "percent_statements_covered": 100.0, "percent_statements_covered_display": "100"}, "missing_lines": [], "excluded_lines": []}, "AIClassifier.batch_classify": {"executed_lines": [157], "summary": {"covered_lines": 1, "num_statements": 1, "percent_covered": 100.0, "percent_covered_display": "100", "missing_lines": 0, "excluded_lines": 0, "percent_statements_covered": 100.0, "percent_statements_covered_display": "100"}, "missing_lines": [], "excluded_lines": []}, "AIClassifier.parse_ai_response": {"executed_lines": [174, 176, 177, 179, 180, 182, 183, 186, 187, 188, 189, 192, 193, 196, 197, 199, 206, 207, 208, 209, 211, 212, 213], "summary": {"covered_lines": 23, "num_statements": 23, "percent_covered": 100.0, "percent_covered_display": "100", "missing_lines": 0, "excluded_lines": 0, "percent_statements_covered": 100.0, "percent_statements_covered_display": "100"}, "missing_lines": [], "excluded_lines": []}, "": {"executed_lines": [1, 6, 7, 8, 9, 11, 14, 15, 16, 17, 18, 19, 20, 23, 24, 33, 86, 95, 140, 161, 216, 217, 218], "summary": {"covered_lines": 19, "num_statements": 19, "percent_covered": 100.0, "percent_covered_display": "100", "missing_lines": 0, "excluded_lines": 0, "percent_statements_covered": 100.0, "percent_statements_covered_display": "100"}, "missing_lines": [], "excluded_lines": []}}, "classes": {"AIClassificationResult": {"executed_lines": [], "summary": {"covered_lines": 0, "num_statements": 0, "percent_covered": 100.0, "percent_covered_display": "100", "missing_lines": 0, "excluded_lines": 0, "percent_statements_covered": 100.0, "percent_statements_covered_display": "100"}, "missing_lines": [], "excluded_lines": []}, "AIClassifier": {"executed_lines": [93, 115, 117, 123, 127, 131, 136, 137, 138, 157, 174, 176, 177, 179, 180, 182, 183, 186, 187, 188, 189, 192, 193, 196, 197, 199, 206, 207, 208, 209, 211, 212, 213], "summary": {"covered_lines": 33, "num_statements": 33, "percent_covered": 100.0, "percent_covered_display": "100", "missing_lines": 0, "excluded_lines": 0, "percent_statements_covered": 100.0, "percent_statements_covered_display": "100"}, "missing_lines": [], "excluded_lines": []}, "AIClassifierError": {"executed_lines": [], "summary": {"covered_lines": 0, "num_statements": 0, "percent_covered": 100.0, "percent_covered_display": "100", "missing_lines": 0, "excluded_lines": 0, "percent_statements_covered": 100.0, "percent_statements_covered_display": "100"}, "missing_lines": [], "excluded_lines": []}, "": {"executed_lines": [1, 6, 7, 8, 9, 11, 14, 15, 16, 17, 18, 19, 20, 23, 24, 33, 86, 95, 140, 161, 216, 217, 218], "summary": {"covered_lines": 19, "num_statements": 19, "percent_covered": 100.0, "percent_covered_display": "100", "missing_lines": 0, "excluded_lines": 0, "percent_statements_covered": 100.0, "percent_statements_covered_display": "100"}, "missing_lines": [], "excluded_lines": []}}}, "src/classifier/classification_service.py": {"executed_lines": [1, 6, 7, 8, 9, 10, 11, 12, 14, 15, 16, 17, 18, 21, 22, 23, 24, 25, 26, 27, 28, 29, 30, 31, 32, 33, 34, 35, 36, 39, 40, 56, 57, 58, 60, 90, 130, 161, 192, 294, 337, 379, 453], "summary": {"covered_lines": 40, "num_statements": 135, "percent_covered": 29.62962962962963, "percent_covered_display": "30", "missing_lines": 95, "excluded_lines": 0, "percent_statements_covered": 29.62962962962963, "percent_statements_covered_display": "30"}, "missing_lines": [74, 75, 76, 78, 79, 82, 83, 85, 97, 99, 100, 101, 103, 104, 105, 106, 108, 109, 111, 112, 113, 114, 115, 117, 123, 125, 126, 128, 137, 139, 140, 141, 143, 144, 145, 148, 149, 150, 151, 153, 154, 156, 157, 159, 163, 164, 184, 185, 187, 189, 190, 213, 216, 217, 218, 219, 236, 237, 238, 239, 256, 257, 258, 259, 277, 278, 309, 310, 313, 314, 322, 324, 326, 328, 331, 332, 333, 335, 355, 357, 358, 360, 361, 377, 386, 388, 394, 400, 424, 437, 440, 444, 451, 455, 456], "excluded_lines": [], "functions": {"ClassificationService.__init__": {"executed_lines": [], "summary": {"covered_lines": 0, "num_statements": 8, "percent_covered": 0.0, "percent_covered_display": "0", "missing_lines": 8, "excluded_lines": 0, "percent_statements_covered": 0.0, "percent_statements_covered_display": "0"}, "missing_lines": [74, 75, 76, 78, 79, 82, 83, 85], "excluded_lines": []}, "ClassificationService._load_manual_overrides": {"executed_lines": [], "summary": {"covered_lines": 0, "num_statements": 20, "percent_covered": 0.0, "percent_covered_display": "0", "missing_lines": 20, "excluded_lines": 0, "percent_statements_covered": 0.0, "percent_statements_covered_display": "0"}, "missing_lines": [97, 99, 100, 101, 103, 104, 105, 106, 108, 109, 111, 112, 113, 114, 115, 117, 123, 125, 126, 128], "excluded_lines": []}, "ClassificationService._load_exact_matches": {"executed_lines": [], "summary": {"covered_lines": 0, "num_statements": 16, "percent_covered": 0.0, "percent_covered_display": "0", "missing_lines": 16, "excluded_lines": 0, "percent_statements_covered": 0.0, "percent_statements_covered_display": "0"}, "missing_lines": [137, 139, 140, 141, 143, 144, 145, 148, 149, 150, 151, 153, 154, 156, 157, 159], "excluded_lines": []}, "ClassificationService._save_exact_matches": {"executed_lines": [], "summary": {"covered_lines": 0, "num_statements": 7, "percent_covered": 0.0, "percent_covered_display": "0", "missing_lines": 7, "excluded_lines": 0, "percent_statements_covered": 0.0, "percent_statements_covered_display": "0"}, "missing_lines": [163, 164, 184, 185, 187, 189, 190], "excluded_lines": []}, "ClassificationService.classify_ride": {"executed_lines": [], "summary": {"covered_lines": 0, "num_statements": 15, "percent_covered": 0.0, "percent_covered_display": "0", "missing_lines": 15, "excluded_lines": 0, "percent_statements_covered": 0.0, "percent_statements_covered_display": "0"}, "missing_lines": [213, 216, 217, 218, 219, 236, 237, 238, 239, 256, 257, 258, 259, 277, 278], "excluded_lines": []}, "ClassificationService.classify_batch": {"executed_lines": [], "summary": {"covered_lines": 0, "num_statements": 12, "percent_covered": 0.0, "percent_covered_display": "0", "missing_lines": 12, "excluded_lines": 0, "percent_statements_covered": 0.0, "percent_statements_covered_display": "0"}, "missing_lines": [309, 310, 313, 314, 322, 324, 326, 328, 331, 332, 333, 335], "excluded_lines": []}, "ClassificationService._batch_ai_classify": {"executed_lines": [], "summary": {"covered_lines": 0, "num_statements": 6, "percent_covered": 0.0, "percent_covered_display": "0", "missing_lines": 6, "excluded_lines": 0, "percent_statements_covered": 0.0, "percent_statements_covered_display": "0"}, "missing_lines": [355, 357, 358, 360, 361, 377], "excluded_lines": []}, "ClassificationService.save_classification": {"executed_lines": [], "summary": {"covered_lines": 0, "num_statements": 9, "percent_covered": 0.0, "percent_covered_display": "0", "missing_lines": 9, "excluded_lines": 0, "percent_statements_covered": 0.0, "percent_statements_covered_display": "0"}, "missing_lines": [386, 388, 394, 400, 424, 437, 440, 444, 451], "excluded_lines": []}, "ClassificationService._get_tier_weight": {"executed_lines": [], "summary": {"covered_lines": 0, "num_statements": 2, "percent_covered": 0.0, "percent_covered_display": "0", "missing_lines": 2, "excluded_lines": 0, "percent_statements_covered": 0.0, "percent_statements_covered_display": "0"}, "missing_lines": [455, 456], "excluded_lines": []}, "": {"executed_lines": [1, 6, 7, 8, 9, 10, 11, 12, 14, 15, 16, 17, 18, 21, 22, 23, 24, 25, 26, 27, 28, 29, 30, 31, 32, 33, 34, 35, 36, 39, 40, 56, 57, 58, 60, 90, 130, 161, 192, 294, 337, 379, 453], "summary": {"covered_lines": 40, "num_statements": 40, "percent_covered": 100.0, "percent_covered_display": "100", "missing_lines": 0, "excluded_lines": 0, "percent_statements_covered": 100.0, "percent_statements_covered_display": "100"}, "missing_lines": [], "excluded_lines": []}}, "classes": {"ClassificationResult": {"executed_lines": [], "summary": {"covered_lines": 0, "num_statements": 0, "percent_covered": 100.0, "percent_covered_display": "100", "missing_lines": 0, "excluded_lines": 0, "percent_statements_covered": 100.0, "percent_statements_covered_display": "100"}, "missing_lines": [], "excluded_lines": []}, "ClassificationService": {"executed_lines": [], "summary": {"covered_lines": 0, "num_statements": 95, "percent_covered": 0.0, "percent_covered_display": "0", "missing_lines": 95, "excluded_lines": 0, "percent_statements_covered": 0.0, "percent_statements_covered_display": "0"}, "missing_lines": [74, 75, 76, 78, 79, 82, 83, 85, 97, 99, 100, 101, 103, 104, 105, 106, 108, 109, 111, 112, 113, 114, 115, 117, 123, 125, 126, 128, 137, 139, 140, 141, 143, 144, 145, 148, 149, 150, 151, 153, 154, 156, 157, 159, 163, 164, 184, 185, 187, 189, 190, 213, 216, 217, 218, 219, 236, 237, 238, 239, 256, 257, 258, 259, 277, 278, 309, 310, 313, 314, 322, 324, 326, 328, 331, 332, 333, 335, 355, 357, 358, 360, 361, 377, 386, 388, 394, 400, 424, 437, 440, 444, 451, 455, 456], "excluded_lines": []}, "": {"executed_lines": [1, 6, 7, 8, 9, 10, 11, 12, 14, 15, 16, 17, 18, 21, 22, 23, 24, 25, 26, 27, 28, 29, 30, 31, 32, 33, 34, 35, 36, 39, 40, 56, 57, 58, 60, 90, 130, 161, 192, 294, 337, 379, 453], "summary": {"covered_lines": 40, "num_statements": 40, "percent_covered": 100.0, "percent_covered_display": "100", "missing_lines": 0, "excluded_lines": 0, "percent_statements_covered": 100.0, "percent_statements_covered_display": "100"}, "missing_lines": [], "excluded_lines": []}}}, "src/classifier/pattern_matcher.py": {"executed_lines": [1, 6, 7, 8, 10, 11, 12, 13, 16, 17, 18, 19, 20, 21, 22, 25, 26, 38, 54, 71, 76, 78, 80, 83, 94, 97, 98, 99, 100, 108, 109, 110, 111, 119, 120, 121, 122, 130, 131, 138, 148, 149, 150, 152, 153], "summary": {"covered_lines": 42, "num_statements": 42, "percent_covered": 100.0, "percent_covered_display": "100", "missing_lines": 0, "excluded_lines": 0, "percent_statements_covered": 100.0, "percent_statements_covered_display": "100"}, "missing_lines": [], "excluded_lines": [], "functions": {"PatternMatcher.__init__": {"executed_lines": [78, 80], "summary": {"covered_lines": 2, "num_statements": 2, "percent_covered": 100.0, "percent_covered_display": "100", "missing_lines": 0, "excluded_lines": 0, "percent_statements_covered": 100.0, "percent_statements_covered_display": "100"}, "missing_lines": [], "excluded_lines": []}, "PatternMatcher.classify": {"executed_lines": [94, 97, 98, 99, 100, 108, 109, 110, 111, 119, 120, 121, 122, 130, 131], "summary": {"covered_lines": 15, "num_statements": 15, "percent_covered": 100.0, "percent_covered_display": "100", "missing_lines": 0, "excluded_lines": 0, "percent_statements_covered": 100.0, "percent_statements_covered_display": "100"}, "missing_lines": [], "excluded_lines": []}, "PatternMatcher.batch_classify": {"executed_lines": [148, 149, 150, 152, 153], "summary": {"covered_lines": 5, "num_statements": 5, "percent_covered": 100.0, "percent_covered_display": "100", "missing_lines": 0, "excluded_lines": 0, "percent_statements_covered": 100.0, "percent_statements_covered_display": "100"}, "missing_lines": [], "excluded_lines": []}, "": {"executed_lines": [1, 6, 7, 8, 10, 11, 12, 13, 16, 17, 18, 19, 20, 21, 22, 25, 26, 38, 54, 71, 76, 83, 138], "summary": {"covered_lines": 20, "num_statements": 20, "percent_covered": 100.0, "percent_covered_display": "100", "missing_lines": 0, "excluded_lines": 0, "percent_statements_covered": 100.0, "percent_statements_covered_display": "100"}, "missing_lines": [], "excluded_lines": []}}, "classes": {"PatternMatchResult": {"executed_lines": [], "summary": {"covered_lines": 0, "num_statements": 0, "percent_covered": 100.0, "percent_covered_display": "100", "missing_lines": 0, "excluded_lines": 0, "percent_statements_covered": 100.0, "percent_statements_covered_display": "100"}, "missing_lines": [], "excluded_lines": []}, "PatternMatcher": {"executed_lines": [78, 80, 94, 97, 98, 99, 100, 108, 109, 110, 111, 119, 120, 121, 122, 130, 131, 148, 149, 150, 152, 153], "summary": {"covered_lines": 22, "num_statements": 22, "percent_covered": 100.0, "percent_covered_display": "100", "missing_lines": 0, "excluded_lines": 0, "percent_statements_covered": 100.0, "percent_statements_covered_display": "100"}, "missing_lines": [], "excluded_lines": []}, "": {"executed_lines": [1, 6, 7, 8, 10, 11, 12, 13, 16, 17, 18, 19, 20, 21, 22, 25, 26, 38, 54, 71, 76, 83, 138], "summary": {"covered_lines": 20, "num_statements": 20, "percent_covered": 100.0, "percent_covered_display": "100", "missing_lines": 0, "excluded_lines": 0, "percent_statements_covered": 100.0, "percent_statements_covered_display": "100"}, "missing_lines": [], "excluded_lines": []}}}, "src/collector/__init__.py": {"executed_lines": [0], "summary": {"covered_lines": 0, "num_statements": 0, "percent_covered": 100.0, "percent_covered_display": "100", "missing_lines": 0, "excluded_lines": 0, "percent_statements_covered": 100.0, "percent_statements_covered_display": "100"}, "missing_lines": [], "excluded_lines": [], "functions": {"": {"executed_lines": [], "summary": {"covered_lines": 0, "num_statements": 0, "percent_covered": 100.0, "percent_covered_display": "100", "missing_lines": 0, "excluded_lines": 0, "percent_statements_covered": 100.0, "percent_statements_covered_display": "100"}, "missing_lines": [], "excluded_lines": []}}, "classes": {"": {"executed_lines": [], "summary": {"covered_lines": 0, "num_statements": 0, "percent_covered": 100.0, "percent_covered_display": "100", "missing_lines": 0, "excluded_lines": 0, "percent_statements_covered": 100.0, "percent_statements_covered_display": "100"}, "missing_lines": [], "excluded_lines": []}}}, "src/collector/queue_times_client.py": {"executed_lines": [1, 6, 7, 8, 10, 11, 13, 14, 15, 18, 19, 25, 26, 27, 28, 33, 38, 49, 50, 52, 53, 55, 56, 57, 59, 64, 78, 79, 81, 82, 84, 85, 87, 89, 93, 96, 104, 105, 106], "summary": {"covered_lines": 37, "num_statements": 38, "percent_covered": 97.36842105263158, "percent_covered_display": "97", "missing_lines": 1, "excluded_lines": 0, "percent_statements_covered": 97.36842105263158, "percent_statements_covered_display": "97"}, "missing_lines": [12], "excluded_lines": [], "functions": {"QueueTimesClient.__init__": {"executed_lines": [26, 27, 28], "summary": {"covered_lines": 3, "num_statements": 3, "percent_covered": 100.0, "percent_covered_display": "100", "missing_lines": 0, "excluded_lines": 0, "percent_statements_covered": 100.0, "percent_statements_covered_display": "100"}, "missing_lines": [], "excluded_lines": []}, "QueueTimesClient.get_parks": {"executed_lines": [49, 50, 52, 53, 55, 56, 57], "summary": {"covered_lines": 7, "num_statements": 7, "percent_covered": 100.0, "percent_covered_display": "100", "missing_lines": 0, "excluded_lines": 0, "percent_statements_covered": 100.0, "percent_statements_covered_display": "100"}, "missing_lines": [], "excluded_lines": []}, "QueueTimesClient.get_park_wait_times": {"executed_lines": [78, 79, 81, 82, 84, 85], "summary": {"covered_lines": 6, "num_statements": 6, "percent_covered": 100.0, "percent_covered_display": "100", "missing_lines": 0, "excluded_lines": 0, "percent_statements_covered": 100.0, "percent_statements_covered_display": "100"}, "missing_lines": [], "excluded_lines": []}, "QueueTimesClient.close": {"executed_lines": [89], "summary": {"covered_lines": 1, "num_statements": 1, "percent_covered": 100.0, "percent_covered_display": "100", "missing_lines": 0, "excluded_lines": 0, "percent_statements_covered": 100.0, "percent_statements_covered_display": "100"}, "missing_lines": [], "excluded_lines": []}, "get_queue_times_client": {"executed_lines": [104, 105, 106], "summary": {"covered_lines": 3, "num_statements": 3, "percent_covered": 100.0, "percent_covered_display": "100", "missing_lines": 0, "excluded_lines": 0, "percent_statements_covered": 100.0, "percent_statements_covered_display": "100"}, "missing_lines": [], "excluded_lines": []}, "": {"executed_lines": [1, 6, 7, 8, 10, 11, 13, 14, 15, 18, 19, 25, 33, 38, 59, 64, 87, 93, 96], "summary": {"covered_lines": 17, "num_statements": 18, "percent_covered": 94.44444444444444, "percent_covered_display": "94", "missing_lines": 1, "excluded_lines": 0, "percent_statements_covered": 94.44444444444444, "percent_statements_covered_display": "94"}, "missing_lines": [12], "excluded_lines": []}}, "classes": {"QueueTimesClient": {"executed_lines": [26, 27, 28, 49, 50, 52, 53, 55, 56, 57, 78, 79, 81, 82, 84, 85, 89], "summary": {"covered_lines": 17, "num_statements": 17, "percent_covered": 100.0, "percent_covered_display": "100", "missing_lines": 0, "excluded_lines": 0, "percent_statements_covered": 100.0, "percent_statements_covered_display": "100"}, "missing_lines": [], "excluded_lines": []}, "": {"executed_lines": [1, 6, 7, 8, 10, 11, 13, 14, 15, 18, 19, 25, 33, 38, 59, 64, 87, 93, 96, 104, 105, 106], "summary": {"covered_lines": 20, "num_statements": 21, "percent_covered": 95.23809523809524, "percent_covered_display": "95", "missing_lines": 1, "excluded_lines": 0, "percent_statements_covered": 95.23809523809524, "percent_statements_covered_display": "95"}, "missing_lines": [12], "excluded_lines": []}}}, "src/collector/status_calculator.py": {"executed_lines": [1, 6, 9, 40, 41, 44, 45, 48, 51, 71, 72, 75, 76, 80], "summary": {"covered_lines": 13, "num_statements": 13, "percent_covered": 100.0, "percent_covered_display": "100", "missing_lines": 0, "excluded_lines": 0, "percent_statements_covered": 100.0, "percent_statements_covered_display": "100"}, "missing_lines": [], "excluded_lines": [], "functions": {"computed_is_open": {"executed_lines": [40, 41, 44, 45, 48], "summary": {"covered_lines": 5, "num_statements": 5, "percent_covered": 100.0, "percent_covered_display": "100", "missing_lines": 0, "excluded_lines": 0, "percent_statements_covered": 100.0, "percent_statements_covered_display": "100"}, "missing_lines": [], "excluded_lines": []}, "validate_wait_time": {"executed_lines": [71, 72, 75, 76, 80], "summary": {"covered_lines": 5, "num_statements": 5, "percent_covered": 100.0, "percent_covered_display": "100", "missing_lines": 0, "excluded_lines": 0, "percent_statements_covered": 100.0, "percent_statements_covered_display": "100"}, "missing_lines": [], "excluded_lines": []}, "": {"executed_lines": [1, 6, 9, 51], "summary": {"covered_lines": 3, "num_statements": 3, "percent_covered": 100.0, "percent_covered_display": "100", "missing_lines": 0, "excluded_lines": 0, "percent_statements_covered": 100.0, "percent_statements_covered_display": "100"}, "missing_lines": [], "excluded_lines": []}}, "classes": {"": {"executed_lines": [1, 6, 9, 40, 41, 44, 45, 48, 51, 71, 72, 75, 76, 80], "summary": {"covered_lines": 13, "num_statements": 13, "percent_covered": 100.0, "percent_covered_display": "100", "missing_lines": 0, "excluded_lines": 0, "percent_statements_covered": 100.0, "percent_statements_covered_display": "100"}, "missing_lines": [], "excluded_lines": []}}}, "src/database/__init__.py": {"executed_lines": [0], "summary": {"covered_lines": 0, "num_statements": 0, "percent_covered": 100.0, "percent_covered_display": "100", "missing_lines": 0, "excluded_lines": 0, "percent_statements_covered": 100.0, "percent_statements_covered_display": "100"}, "missing_lines": [], "excluded_lines": [], "functions": {"": {"executed_lines": [], "summary": {"covered_lines": 0, "num_statements": 0, "percent_covered": 100.0, "percent_covered_display": "100", "missing_lines": 0, "excluded_lines": 0, "percent_statements_covered": 100.0, "percent_statements_covered_display": "100"}, "missing_lines": [], "excluded_lines": []}}, "classes": {"": {"executed_lines": [], "summary": {"covered_lines": 0, "num_statements": 0, "percent_covered": 100.0, "percent_covered_display": "100", "missing_lines": 0, "excluded_lines": 0, "percent_statements_covered": 100.0, "percent_statements_covered_display": "100"}, "missing_lines": [], "excluded_lines": []}}}, "src/database/connection.py": {"executed_lines": [1, 6, 7, 8, 9, 10, 12, 13, 19, 20, 25, 28, 29, 39, 40, 42, 52, 53, 57, 68, 79, 87, 88, 89, 91, 93, 94, 107, 108, 109, 110, 111, 112, 113, 114, 115, 117, 119, 126, 127, 128, 129, 130, 131, 132, 133, 136, 138, 140, 141, 142, 143, 146, 147, 148, 152, 155, 166, 169, 176], "summary": {"covered_lines": 57, "num_statements": 58, "percent_covered": 98.27586206896552, "percent_covered_display": "98", "missing_lines": 1, "excluded_lines": 0, "percent_statements_covered": 98.27586206896552, "percent_statements_covered_display": "98"}, "missing_lines": [18], "excluded_lines": [], "functions": {"DatabaseConnection.__init__": {"executed_lines": [40], "summary": {"covered_lines": 1, "num_statements": 1, "percent_covered": 100.0, "percent_covered_display": "100", "missing_lines": 0, "excluded_lines": 0, "percent_statements_covered": 100.0, "percent_statements_covered_display": "100"}, "missing_lines": [], "excluded_lines": []}, "DatabaseConnection.get_engine": {"executed_lines": [52, 53, 57, 68, 79, 87, 88, 89, 91], "summary": {"covered_lines": 9, "num_statements": 9, "percent_covered": 100.0, "percent_covered_display": "100", "missing_lines": 0, "excluded_lines": 0, "percent_statements_covered": 100.0, "percent_statements_covered_display": "100"}, "missing_lines": [], "excluded_lines": []}, "DatabaseConnection.get_connection": {"executed_lines": [107, 108, 109, 110, 111, 112, 113, 114, 115, 117], "summary": {"covered_lines": 10, "num_statements": 10, "percent_covered": 100.0, "percent_covered_display": "100", "missing_lines": 0, "excluded_lines": 0, "percent_statements_covered": 100.0, "percent_statements_covered_display": "100"}, "missing_lines": [], "excluded_lines": []}, "DatabaseConnection.test_connection": {"executed_lines": [126, 127, 128, 129, 130, 131, 132, 133, 136], "summary": {"covered_lines": 9, "num_statements": 9, "percent_covered": 100.0, "percent_covered_display": "100", "missing_lines": 0, "excluded_lines": 0, "percent_statements_covered": 100.0, "percent_statements_covered_display": "100"}, "missing_lines": [], "excluded_lines": []}, "DatabaseConnection.close": {"executed_lines": [140, 141, 142, 143], "summary": {"covered_lines": 4, "num_statements": 4, "percent_covered": 100.0, "percent_covered_display": "100", "missing_lines": 0, "excluded_lines": 0, "percent_statements_covered": 100.0, "percent_statements_covered_display": "100"}, "missing_lines": [], "excluded_lines": []}, "get_db_connection": {"executed_lines": [166], "summary": {"covered_lines": 1, "num_statements": 1, "percent_covered": 100.0, "percent_covered_display": "100", "missing_lines": 0, "excluded_lines": 0, "percent_statements_covered": 100.0, "percent_statements_covered_display": "100"}, "missing_lines": [], "excluded_lines": []}, "test_database_connection": {"executed_lines": [176], "summary": {"covered_lines": 1, "num_statements": 1, "percent_covered": 100.0, "percent_covered_display": "100", "missing_lines": 0, "excluded_lines": 0, "percent_statements_covered": 100.0, "percent_statements_covered_display": "100"}, "missing_lines": [], "excluded_lines": []}, "": {"executed_lines": [1, 6, 7, 8, 9, 10, 12, 13, 19, 20, 25, 28, 29, 39, 42, 93, 94, 119, 138, 146, 147, 148, 152, 155, 169], "summary": {"covered_lines": 22, "num_statements": 23, "percent_covered": 95.65217391304348, "percent_covered_display": "96", "missing_lines": 1, "excluded_lines": 0, "percent_statements_covered": 95.65217391304348, "percent_statements_covered_display": "96"}, "missing_lines": [18], "excluded_lines": []}}, "classes": {"DatabaseConnection": {"executed_lines": [40, 52, 53, 57, 68, 79, 87, 88, 89, 91, 107, 108, 109, 110, 111, 112, 113, 114, 115, 117, 126, 127, 128, 129, 130, 131, 132, 133, 136, 140, 141, 142, 143], "summary": {"covered_lines": 33, "num_statements": 33, "percent_covered": 100.0, "percent_covered_display": "100", "missing_lines": 0, "excluded_lines": 0, "percent_statements_covered": 100.0, "percent_statements_covered_display": "100"}, "missing_lines": [], "excluded_lines": []}, "DatabaseConnectionError": {"executed_lines": [], "summary": {"covered_lines": 0, "num_statements": 0, "percent_covered": 100.0, "percent_covered_display": "100", "missing_lines": 0, "excluded_lines": 0, "percent_statements_covered": 100.0, "percent_statements_covered_display": "100"}, "missing_lines": [], "excluded_lines": []}, "": {"executed_lines": [1, 6, 7, 8, 9, 10, 12, 13, 19, 20, 25, 28, 29, 39, 42, 93, 94, 119, 138, 146, 147, 148, 152, 155, 166, 169, 176], "summary": {"covered_lines": 24, "num_statements": 25, "percent_covered": 96.0, "percent_covered_display": "96", "missing_lines": 1, "excluded_lines": 0, "percent_statements_covered": 96.0, "percent_statements_covered_display": "96"}, "missing_lines": [18], "excluded_lines": []}}}, "src/database/repositories/__init__.py": {"executed_lines": [0], "summary": {"covered_lines": 0, "num_statements": 0, "percent_covered": 100.0, "percent_covered_display": "100", "missing_lines": 0, "excluded_lines": 0, "percent_statements_covered": 100.0, "percent_statements_covered_display": "100"}, "missing_lines": [], "excluded_lines": [], "functions": {"": {"executed_lines": [], "summary": {"covered_lines": 0, "num_statements": 0, "percent_covered": 100.0, "percent_covered_display": "100", "missing_lines": 0, "excluded_lines": 0, "percent_statements_covered": 100.0, "percent_statements_covered_display": "100"}, "missing_lines": [], "excluded_lines": []}}, "classes": {"": {"executed_lines": [], "summary": {"covered_lines": 0, "num_statements": 0, "percent_covered": 100.0, "percent_covered_display": "100", "missing_lines": 0, "excluded_lines": 0, "percent_statements_covered": 100.0, "percent_statements_covered_display": "100"}, "missing_lines": [], "excluded_lines": []}}}, "src/database/repositories/aggregation_repository.py": {"executed_lines": [1, 6, 7, 8, 9, 11, 12, 13, 14, 17, 18, 27, 34, 36, 49, 60, 61, 62, 63, 64, 70, 83, 87, 88, 90, 91, 92, 93, 95, 98, 104, 105, 106, 112, 122, 130, 131, 133, 134, 136, 138, 153, 164, 168, 170, 171, 173, 175, 217, 243, 282, 317, 334, 342, 346, 348, 350, 365, 366, 368], "summary": {"covered_lines": 58, "num_statements": 97, "percent_covered": 59.79381443298969, "percent_covered_display": "60", "missing_lines": 39, "excluded_lines": 0, "percent_statements_covered": 59.79381443298969, "percent_statements_covered_display": "60"}, "missing_lines": [66, 67, 68, 84, 96, 108, 109, 110, 190, 191, 200, 205, 213, 215, 230, 240, 241, 260, 269, 270, 275, 276, 278, 279, 280, 297, 305, 306, 310, 311, 313, 314, 315, 381, 392, 393, 395, 396, 398], "excluded_lines": [], "functions": {"AggregationLogRepository.__init__": {"executed_lines": [34], "summary": {"covered_lines": 1, "num_statements": 1, "percent_covered": 100.0, "percent_covered_display": "100", "missing_lines": 0, "excluded_lines": 0, "percent_statements_covered": 100.0, "percent_statements_covered_display": "100"}, "missing_lines": [], "excluded_lines": []}, "AggregationLogRepository.insert": {"executed_lines": [49, 60, 61, 62, 63, 64], "summary": {"covered_lines": 6, "num_statements": 9, "percent_covered": 66.66666666666667, "percent_covered_display": "67", "missing_lines": 3, "excluded_lines": 0, "percent_statements_covered": 66.66666666666667, "percent_statements_covered_display": "67"}, "missing_lines": [66, 67, 68], "excluded_lines": []}, "AggregationLogRepository.update": {"executed_lines": [83, 87, 88, 90, 91, 92, 93, 95, 98, 104, 105, 106], "summary": {"covered_lines": 12, "num_statements": 17, "percent_covered": 70.58823529411765, "percent_covered_display": "71", "missing_lines": 5, "excluded_lines": 0, "percent_statements_covered": 70.58823529411765, "percent_statements_covered_display": "71"}, "missing_lines": [84, 96, 108, 109, 110], "excluded_lines": []}, "AggregationLogRepository.get_by_id": {"executed_lines": [122, 130, 131, 133, 134, 136], "summary": {"covered_lines": 6, "num_statements": 6, "percent_covered": 100.0, "percent_covered_display": "100", "missing_lines": 0, "excluded_lines": 0, "percent_statements_covered": 100.0, "percent_statements_covered_display": "100"}, "missing_lines": [], "excluded_lines": []}, "AggregationLogRepository.get_by_date_and_type": {"executed_lines": [153, 164, 168, 170, 171, 173], "summary": {"covered_lines": 6, "num_statements": 6, "percent_covered": 100.0, "percent_covered_display": "100", "missing_lines": 0, "excluded_lines": 0, "percent_statements_covered": 100.0, "percent_statements_covered_display": "100"}, "missing_lines": [], "excluded_lines": []}, "AggregationLogRepository.get_recent_logs": {"executed_lines": [], "summary": {"covered_lines": 0, "num_statements": 6, "percent_covered": 0.0, "percent_covered_display": "0", "missing_lines": 6, "excluded_lines": 0, "percent_statements_covered": 0.0, "percent_statements_covered_display": "0"}, "missing_lines": [190, 191, 200, 205, 213, 215], "excluded_lines": []}, "AggregationLogRepository.get_failed_aggregations": {"executed_lines": [], "summary": {"covered_lines": 0, "num_statements": 3, "percent_covered": 0.0, "percent_covered_display": "0", "missing_lines": 3, "excluded_lines": 0, "percent_statements_covered": 0.0, "percent_statements_covered_display": "0"}, "missing_lines": [230, 240, 241], "excluded_lines": []}, "AggregationLogRepository.mark_complete": {"executed_lines": [], "summary": {"covered_lines": 0, "num_statements": 8, "percent_covered": 0.0, "percent_covered_display": "0", "missing_lines": 8, "excluded_lines": 0, "percent_statements_covered": 0.0, "percent_statements_covered_display": "0"}, "missing_lines": [260, 269, 270, 275, 276, 278, 279, 280], "excluded_lines": []}, "AggregationLogRepository.mark_failed": {"executed_lines": [], "summary": {"covered_lines": 0, "num_statements": 8, "percent_covered": 0.0, "percent_covered_display": "0", "missing_lines": 8, "excluded_lines": 0, "percent_statements_covered": 0.0, "percent_statements_covered_display": "0"}, "missing_lines": [297, 305, 306, 310, 311, 313, 314, 315], "excluded_lines": []}, "AggregationLogRepository.is_date_aggregated": {"executed_lines": [334, 342, 346, 348], "summary": {"covered_lines": 4, "num_statements": 4, "percent_covered": 100.0, "percent_covered_display": "100", "missing_lines": 0, "excluded_lines": 0, "percent_statements_covered": 100.0, "percent_statements_covered_display": "100"}, "missing_lines": [], "excluded_lines": []}, "AggregationLogRepository.get_aggregation_status": {"executed_lines": [365, 366], "summary": {"covered_lines": 2, "num_statements": 2, "percent_covered": 100.0, "percent_covered_display": "100", "missing_lines": 0, "excluded_lines": 0, "percent_statements_covered": 100.0, "percent_statements_covered_display": "100"}, "missing_lines": [], "excluded_lines": []}, "AggregationLogRepository.get_last_successful_aggregation": {"executed_lines": [], "summary": {"covered_lines": 0, "num_statements": 6, "percent_covered": 0.0, "percent_covered_display": "0", "missing_lines": 6, "excluded_lines": 0, "percent_statements_covered": 0.0, "percent_statements_covered_display": "0"}, "missing_lines": [381, 392, 393, 395, 396, 398], "excluded_lines": []}, "": {"executed_lines": [1, 6, 7, 8, 9, 11, 12, 13, 14, 17, 18, 27, 36, 70, 112, 138, 175, 217, 243, 282, 317, 350, 368], "summary": {"covered_lines": 21, "num_statements": 21, "percent_covered": 100.0, "percent_covered_display": "100", "missing_lines": 0, "excluded_lines": 0, "percent_statements_covered": 100.0, "percent_statements_covered_display": "100"}, "missing_lines": [], "excluded_lines": []}}, "classes": {"AggregationLogRepository": {"executed_lines": [34, 49, 60, 61, 62, 63, 64, 83, 87, 88, 90, 91, 92, 93, 95, 98, 104, 105, 106, 122, 130, 131, 133, 134, 136, 153, 164, 168, 170, 171, 173, 334, 342, 346, 348, 365, 366], "summary": {"covered_lines": 37, "num_statements": 76, "percent_covered": 48.68421052631579, "percent_covered_display": "49", "missing_lines": 39, "excluded_lines": 0, "percent_statements_covered": 48.68421052631579, "percent_statements_covered_display": "49"}, "missing_lines": [66, 67, 68, 84, 96, 108, 109, 110, 190, 191, 200, 205, 213, 215, 230, 240, 241, 260, 269, 270, 275, 276, 278, 279, 280, 297, 305, 306, 310, 311, 313, 314, 315, 381, 392, 393, 395, 396, 398], "excluded_lines": []}, "": {"executed_lines": [1, 6, 7, 8, 9, 11, 12, 13, 14, 17, 18, 27, 36, 70, 112, 138, 175, 217, 243, 282, 317, 350, 368], "summary": {"covered_lines": 21, "num_statements": 21, "percent_covered": 100.0, "percent_covered_display": "100", "missing_lines": 0, "excluded_lines": 0, "percent_statements_covered": 100.0, "percent_statements_covered_display": "100"}, "missing_lines": [], "excluded_lines": []}}}, "src/database/repositories/park_repository.py": {"executed_lines": [1, 6, 7, 8, 10, 11, 13, 14, 15, 18, 19, 29, 36, 38, 48, 56, 57, 59, 60, 62, 64, 74, 82, 83, 85, 88, 90, 97, 106, 107, 109, 116, 126, 127, 129, 142, 153, 154, 155, 157, 160, 166, 178, 179, 181, 182, 183, 185, 187, 189, 195, 196, 198, 199, 201, 202, 208, 236, 269, 296, 323, 348, 434, 436], "summary": {"covered_lines": 62, "num_statements": 105, "percent_covered": 59.04761904761905, "percent_covered_display": "59", "missing_lines": 43, "excluded_lines": 0, "percent_statements_covered": 59.04761904761905, "percent_statements_covered_display": "59"}, "missing_lines": [12, 86, 162, 163, 164, 204, 205, 206, 225, 226, 227, 228, 229, 230, 231, 232, 234, 242, 266, 267, 275, 293, 294, 302, 320, 321, 329, 345, 346, 370, 371, 372, 373, 374, 375, 376, 377, 378, 380, 383, 385, 431, 432], "excluded_lines": [], "functions": {"ParkRepository.__init__": {"executed_lines": [36], "summary": {"covered_lines": 1, "num_statements": 1, "percent_covered": 100.0, "percent_covered_display": "100", "missing_lines": 0, "excluded_lines": 0, "percent_statements_covered": 100.0, "percent_statements_covered_display": "100"}, "missing_lines": [], "excluded_lines": []}, "ParkRepository.get_by_id": {"executed_lines": [48, 56, 57, 59, 60, 62], "summary": {"covered_lines": 6, "num_statements": 6, "percent_covered": 100.0, "percent_covered_display": "100", "missing_lines": 0, "excluded_lines": 0, "percent_statements_covered": 100.0, "percent_statements_covered_display": "100"}, "missing_lines": [], "excluded_lines": []}, "ParkRepository.get_by_queue_times_id": {"executed_lines": [74, 82, 83, 85, 88], "summary": {"covered_lines": 5, "num_statements": 6, "percent_covered": 83.33333333333333, "percent_covered_display": "83", "missing_lines": 1, "excluded_lines": 0, "percent_statements_covered": 83.33333333333333, "percent_statements_covered_display": "83"}, "missing_lines": [86], "excluded_lines": []}, "ParkRepository.get_all_active": {"executed_lines": [97, 106, 107], "summary": {"covered_lines": 3, "num_statements": 3, "percent_covered": 100.0, "percent_covered_display": "100", "missing_lines": 0, "excluded_lines": 0, "percent_statements_covered": 100.0, "percent_statements_covered_display": "100"}, "missing_lines": [], "excluded_lines": []}, "ParkRepository.get_disney_universal_parks": {"executed_lines": [116, 126, 127], "summary": {"covered_lines": 3, "num_statements": 3, "percent_covered": 100.0, "percent_covered_display": "100", "missing_lines": 0, "excluded_lines": 0, "percent_statements_covered": 100.0, "percent_statements_covered_display": "100"}, "missing_lines": [], "excluded_lines": []}, "ParkRepository.create": {"executed_lines": [142, 153, 154, 155, 157, 160], "summary": {"covered_lines": 6, "num_statements": 9, "percent_covered": 66.66666666666667, "percent_covered_display": "67", "missing_lines": 3, "excluded_lines": 0, "percent_statements_covered": 66.66666666666667, "percent_statements_covered_display": "67"}, "missing_lines": [162, 163, 164], "excluded_lines": []}, "ParkRepository.update": {"executed_lines": [178, 179, 181, 182, 183, 185, 187, 189, 195, 196, 198, 199, 201, 202], "summary": {"covered_lines": 14, "num_statements": 17, "percent_covered": 82.3529411764706, "percent_covered_display": "82", "missing_lines": 3, "excluded_lines": 0, "percent_statements_covered": 82.3529411764706, "percent_statements_covered_display": "82"}, "missing_lines": [204, 205, 206], "excluded_lines": []}, "ParkRepository.get_rankings_by_downtime": {"executed_lines": [], "summary": {"covered_lines": 0, "num_statements": 9, "percent_covered": 0.0, "percent_covered_display": "0", "missing_lines": 9, "excluded_lines": 0, "percent_statements_covered": 0.0, "percent_statements_covered_display": "0"}, "missing_lines": [225, 226, 227, 228, 229, 230, 231, 232, 234], "excluded_lines": []}, "ParkRepository._get_daily_rankings": {"executed_lines": [], "summary": {"covered_lines": 0, "num_statements": 3, "percent_covered": 0.0, "percent_covered_display": "0", "missing_lines": 3, "excluded_lines": 0, "percent_statements_covered": 0.0, "percent_statements_covered_display": "0"}, "missing_lines": [242, 266, 267], "excluded_lines": []}, "ParkRepository._get_weekly_rankings": {"executed_lines": [], "summary": {"covered_lines": 0, "num_statements": 3, "percent_covered": 0.0, "percent_covered_display": "0", "missing_lines": 3, "excluded_lines": 0, "percent_statements_covered": 0.0, "percent_statements_covered_display": "0"}, "missing_lines": [275, 293, 294], "excluded_lines": []}, "ParkRepository._get_monthly_rankings": {"executed_lines": [], "summary": {"covered_lines": 0, "num_statements": 3, "percent_covered": 0.0, "percent_covered_display": "0", "missing_lines": 3, "excluded_lines": 0, "percent_statements_covered": 0.0, "percent_statements_covered_display": "0"}, "missing_lines": [302, 320, 321], "excluded_lines": []}, "ParkRepository._get_yearly_rankings": {"executed_lines": [], "summary": {"covered_lines": 0, "num_statements": 3, "percent_covered": 0.0, "percent_covered_display": "0", "missing_lines": 3, "excluded_lines": 0, "percent_statements_covered": 0.0, "percent_statements_covered_display": "0"}, "missing_lines": [329, 345, 346], "excluded_lines": []}, "ParkRepository.get_rankings_by_weighted_downtime": {"executed_lines": [], "summary": {"covered_lines": 0, "num_statements": 14, "percent_covered": 0.0, "percent_covered_display": "0", "missing_lines": 14, "excluded_lines": 0, "percent_statements_covered": 0.0, "percent_statements_covered_display": "0"}, "missing_lines": [370, 371, 372, 373, 374, 375, 376, 377, 378, 380, 383, 385, 431, 432], "excluded_lines": []}, "ParkRepository._row_to_park": {"executed_lines": [436], "summary": {"covered_lines": 1, "num_statements": 1, "percent_covered": 100.0, "percent_covered_display": "100", "missing_lines": 0, "excluded_lines": 0, "percent_statements_covered": 100.0, "percent_statements_covered_display": "100"}, "missing_lines": [], "excluded_lines": []}, "": {"executed_lines": [1, 6, 7, 8, 10, 11, 13, 14, 15, 18, 19, 29, 38, 64, 90, 109, 129, 166, 208, 236, 269, 296, 323, 348, 434], "summary": {"covered_lines": 23, "num_statements": 24, "percent_covered": 95.83333333333333, "percent_covered_display": "96", "missing_lines": 1, "excluded_lines": 0, "percent_statements_covered": 95.83333333333333, "percent_statements_covered_display": "96"}, "missing_lines": [12], "excluded_lines": []}}, "classes": {"ParkRepository": {"executed_lines": [36, 48, 56, 57, 59, 60, 62, 74, 82, 83, 85, 88, 97, 106, 107, 116, 126, 127, 142, 153, 154, 155, 157, 160, 178, 179, 181, 182, 183, 185, 187, 189, 195, 196, 198, 199, 201, 202, 436], "summary": {"covered_lines": 39, "num_statements": 81, "percent_covered": 48.148148148148145, "percent_covered_display": "48", "missing_lines": 42, "excluded_lines": 0, "percent_statements_covered": 48.148148148148145, "percent_statements_covered_display": "48"}, "missing_lines": [86, 162, 163, 164, 204, 205, 206, 225, 226, 227, 228, 229, 230, 231, 232, 234, 242, 266, 267, 275, 293, 294, 302, 320, 321, 329, 345, 346, 370, 371, 372, 373, 374, 375, 376, 377, 378, 380, 383, 385, 431, 432], "excluded_lines": []}, "": {"executed_lines": [1, 6, 7, 8, 10, 11, 13, 14, 15, 18, 19, 29, 38, 64, 90, 109, 129, 166, 208, 236, 269, 296, 323, 348, 434], "summary": {"covered_lines": 23, "num_statements": 24, "percent_covered": 95.83333333333333, "percent_covered_display": "96", "missing_lines": 1, "excluded_lines": 0, "percent_statements_covered": 95.83333333333333, "percent_statements_covered_display": "96"}, "missing_lines": [12], "excluded_lines": []}}}, "src/database/repositories/ride_repository.py": {"executed_lines": [1, 6, 7, 8, 10, 11, 13, 14, 15, 18, 19, 29, 36, 38, 48, 55, 56, 58, 59, 61, 63, 73, 80, 81, 83, 86, 88, 99, 108, 109, 111, 118, 126, 127, 129, 136, 146, 147, 149, 162, 171, 172, 173, 175, 177, 183, 194, 195, 197, 198, 199, 201, 204, 210, 211, 213, 214, 216, 217, 223, 296, 359, 391, 424, 426], "summary": {"covered_lines": 63, "num_statements": 110, "percent_covered": 57.27272727272727, "percent_covered_display": "57", "missing_lines": 47, "excluded_lines": 0, "percent_statements_covered": 57.27272727272727, "percent_statements_covered_display": "57"}, "missing_lines": [12, 84, 179, 180, 181, 202, 219, 220, 221, 242, 243, 244, 245, 246, 247, 248, 249, 250, 251, 252, 253, 254, 255, 256, 257, 259, 261, 263, 289, 290, 291, 293, 294, 313, 314, 316, 352, 353, 354, 356, 357, 374, 388, 389, 406, 421, 422], "excluded_lines": [], "functions": {"RideRepository.__init__": {"executed_lines": [36], "summary": {"covered_lines": 1, "num_statements": 1, "percent_covered": 100.0, "percent_covered_display": "100", "missing_lines": 0, "excluded_lines": 0, "percent_statements_covered": 100.0, "percent_statements_covered_display": "100"}, "missing_lines": [], "excluded_lines": []}, "RideRepository.get_by_id": {"executed_lines": [48, 55, 56, 58, 59, 61], "summary": {"covered_lines": 6, "num_statements": 6, "percent_covered": 100.0, "percent_covered_display": "100", "missing_lines": 0, "excluded_lines": 0, "percent_statements_covered": 100.0, "percent_statements_covered_display": "100"}, "missing_lines": [], "excluded_lines": []}, "RideRepository.get_by_queue_times_id": {"executed_lines": [73, 80, 81, 83, 86], "summary": {"covered_lines": 5, "num_statements": 6, "percent_covered": 83.33333333333333, "percent_covered_display": "83", "missing_lines": 1, "excluded_lines": 0, "percent_statements_covered": 83.33333333333333, "percent_statements_covered_display": "83"}, "missing_lines": [84], "excluded_lines": []}, "RideRepository.get_by_park_id": {"executed_lines": [99, 108, 109], "summary": {"covered_lines": 3, "num_statements": 3, "percent_covered": 100.0, "percent_covered_display": "100", "missing_lines": 0, "excluded_lines": 0, "percent_statements_covered": 100.0, "percent_statements_covered_display": "100"}, "missing_lines": [], "excluded_lines": []}, "RideRepository.get_all_active": {"executed_lines": [118, 126, 127], "summary": {"covered_lines": 3, "num_statements": 3, "percent_covered": 100.0, "percent_covered_display": "100", "missing_lines": 0, "excluded_lines": 0, "percent_statements_covered": 100.0, "percent_statements_covered_display": "100"}, "missing_lines": [], "excluded_lines": []}, "RideRepository.get_unclassified_rides": {"executed_lines": [136, 146, 147], "summary": {"covered_lines": 3, "num_statements": 3, "percent_covered": 100.0, "percent_covered_display": "100", "missing_lines": 0, "excluded_lines": 0, "percent_statements_covered": 100.0, "percent_statements_covered_display": "100"}, "missing_lines": [], "excluded_lines": []}, "RideRepository.create": {"executed_lines": [162, 171, 172, 173, 175, 177], "summary": {"covered_lines": 6, "num_statements": 9, "percent_covered": 66.66666666666667, "percent_covered_display": "67", "missing_lines": 3, "excluded_lines": 0, "percent_statements_covered": 66.66666666666667, "percent_statements_covered_display": "67"}, "missing_lines": [179, 180, 181], "excluded_lines": []}, "RideRepository.update": {"executed_lines": [194, 195, 197, 198, 199, 201, 204, 210, 211, 213, 214, 216, 217], "summary": {"covered_lines": 13, "num_statements": 17, "percent_covered": 76.47058823529412, "percent_covered_display": "76", "missing_lines": 4, "excluded_lines": 0, "percent_statements_covered": 76.47058823529412, "percent_statements_covered_display": "76"}, "missing_lines": [202, 219, 220, 221], "excluded_lines": []}, "RideRepository.get_performance_rankings": {"executed_lines": [], "summary": {"covered_lines": 0, "num_statements": 24, "percent_covered": 0.0, "percent_covered_display": "0", "missing_lines": 24, "excluded_lines": 0, "percent_statements_covered": 0.0, "percent_statements_covered_display": "0"}, "missing_lines": [242, 243, 244, 245, 246, 247, 248, 249, 250, 251, 252, 253, 254, 255, 256, 257, 259, 261, 263, 289, 290, 291, 293, 294], "excluded_lines": []}, "RideRepository.get_current_wait_times": {"executed_lines": [], "summary": {"covered_lines": 0, "num_statements": 8, "percent_covered": 0.0, "percent_covered_display": "0", "missing_lines": 8, "excluded_lines": 0, "percent_statements_covered": 0.0, "percent_statements_covered_display": "0"}, "missing_lines": [313, 314, 316, 352, 353, 354, 356, 357], "excluded_lines": []}, "RideRepository.get_ride_status_history": {"executed_lines": [], "summary": {"covered_lines": 0, "num_statements": 3, "percent_covered": 0.0, "percent_covered_display": "0", "missing_lines": 3, "excluded_lines": 0, "percent_statements_covered": 0.0, "percent_statements_covered_display": "0"}, "missing_lines": [374, 388, 389], "excluded_lines": []}, "RideRepository.get_downtime_changes": {"executed_lines": [], "summary": {"covered_lines": 0, "num_statements": 3, "percent_covered": 0.0, "percent_covered_display": "0", "missing_lines": 3, "excluded_lines": 0, "percent_statements_covered": 0.0, "percent_statements_covered_display": "0"}, "missing_lines": [406, 421, 422], "excluded_lines": []}, "RideRepository._row_to_ride": {"executed_lines": [426], "summary": {"covered_lines": 1, "num_statements": 1, "percent_covered": 100.0, "percent_covered_display": "100", "missing_lines": 0, "excluded_lines": 0, "percent_statements_covered": 100.0, "percent_statements_covered_display": "100"}, "missing_lines": [], "excluded_lines": []}, "": {"executed_lines": [1, 6, 7, 8, 10, 11, 13, 14, 15, 18, 19, 29, 38, 63, 88, 111, 129, 149, 183, 223, 296, 359, 391, 424], "summary": {"covered_lines": 22, "num_statements": 23, "percent_covered": 95.65217391304348, "percent_covered_display": "96", "missing_lines": 1, "excluded_lines": 0, "percent_statements_covered": 95.65217391304348, "percent_statements_covered_display": "96"}, "missing_lines": [12], "excluded_lines": []}}, "classes": {"RideRepository": {"executed_lines": [36, 48, 55, 56, 58, 59, 61, 73, 80, 81, 83, 86, 99, 108, 109, 118, 126, 127, 136, 146, 147, 162, 171, 172, 173, 175, 177, 194, 195, 197, 198, 199, 201, 204, 210, 211, 213, 214, 216, 217, 426], "summary": {"covered_lines": 41, "num_statements": 87, "percent_covered": 47.12643678160919, "percent_covered_display": "47", "missing_lines": 46, "excluded_lines": 0, "percent_statements_covered": 47.12643678160919, "percent_statements_covered_display": "47"}, "missing_lines": [84, 179, 180, 181, 202, 219, 220, 221, 242, 243, 244, 245, 246, 247, 248, 249, 250, 251, 252, 253, 254, 255, 256, 257, 259, 261, 263, 289, 290, 291, 293, 294, 313, 314, 316, 352, 353, 354, 356, 357, 374, 388, 389, 406, 421, 422], "excluded_lines": []}, "": {"executed_lines": [1, 6, 7, 8, 10, 11, 13, 14, 15, 18, 19, 29, 38, 63, 88, 111, 129, 149, 183, 223, 296, 359, 391, 424], "summary": {"covered_lines": 22, "num_statements": 23, "percent_covered": 95.65217391304348, "percent_covered_display": "96", "missing_lines": 1, "excluded_lines": 0, "percent_statements_covered": 95.65217391304348, "percent_statements_covered_display": "96"}, "missing_lines": [12], "excluded_lines": []}}}, "src/database/repositories/snapshot_repository.py": {"executed_lines": [1, 6, 7, 8, 9, 11, 12, 13, 14, 17, 18, 27, 34, 36, 49, 58, 59, 60, 61, 63, 64, 65, 67, 77, 86, 87, 89, 90, 92, 94, 140, 164, 165, 173, 180, 182, 195, 206, 207, 208, 209, 211, 212, 213, 215, 225, 234, 235, 237, 238, 240, 242, 265], "summary": {"covered_lines": 50, "num_statements": 65, "percent_covered": 76.92307692307692, "percent_covered_display": "77", "missing_lines": 15, "excluded_lines": 0, "percent_statements_covered": 76.92307692307692, "percent_statements_covered_display": "77"}, "missing_lines": [104, 105, 120, 122, 136, 138, 151, 160, 161, 253, 262, 263, 272, 287, 288], "excluded_lines": [], "functions": {"RideStatusSnapshotRepository.__init__": {"executed_lines": [34], "summary": {"covered_lines": 1, "num_statements": 1, "percent_covered": 100.0, "percent_covered_display": "100", "missing_lines": 0, "excluded_lines": 0, "percent_statements_covered": 100.0, "percent_statements_covered_display": "100"}, "missing_lines": [], "excluded_lines": []}, "RideStatusSnapshotRepository.insert": {"executed_lines": [49, 58, 59, 60, 61, 63, 64, 65], "summary": {"covered_lines": 8, "num_statements": 8, "percent_covered": 100.0, "percent_covered_display": "100", "missing_lines": 0, "excluded_lines": 0, "percent_statements_covered": 100.0, "percent_statements_covered_display": "100"}, "missing_lines": [], "excluded_lines": []}, "RideStatusSnapshotRepository.get_latest_by_ride": {"executed_lines": [77, 86, 87, 89, 90, 92], "summary": {"covered_lines": 6, "num_statements": 6, "percent_covered": 100.0, "percent_covered_display": "100", "missing_lines": 0, "excluded_lines": 0, "percent_statements_covered": 100.0, "percent_statements_covered_display": "100"}, "missing_lines": [], "excluded_lines": []}, "RideStatusSnapshotRepository.get_latest_all_rides": {"executed_lines": [], "summary": {"covered_lines": 0, "num_statements": 6, "percent_covered": 0.0, "percent_covered_display": "0", "missing_lines": 6, "excluded_lines": 0, "percent_statements_covered": 0.0, "percent_statements_covered_display": "0"}, "missing_lines": [104, 105, 120, 122, 136, 138], "excluded_lines": []}, "RideStatusSnapshotRepository.get_history": {"executed_lines": [], "summary": {"covered_lines": 0, "num_statements": 3, "percent_covered": 0.0, "percent_covered_display": "0", "missing_lines": 3, "excluded_lines": 0, "percent_statements_covered": 0.0, "percent_statements_covered_display": "0"}, "missing_lines": [151, 160, 161], "excluded_lines": []}, "ParkActivitySnapshotRepository.__init__": {"executed_lines": [180], "summary": {"covered_lines": 1, "num_statements": 1, "percent_covered": 100.0, "percent_covered_display": "100", "missing_lines": 0, "excluded_lines": 0, "percent_statements_covered": 100.0, "percent_statements_covered_display": "100"}, "missing_lines": [], "excluded_lines": []}, "ParkActivitySnapshotRepository.insert": {"executed_lines": [195, 206, 207, 208, 209, 211, 212, 213], "summary": {"covered_lines": 8, "num_statements": 8, "percent_covered": 100.0, "percent_covered_display": "100", "missing_lines": 0, "excluded_lines": 0, "percent_statements_covered": 100.0, "percent_statements_covered_display": "100"}, "missing_lines": [], "excluded_lines": []}, "ParkActivitySnapshotRepository.get_latest_by_park": {"executed_lines": [225, 234, 235, 237, 238, 240], "summary": {"covered_lines": 6, "num_statements": 6, "percent_covered": 100.0, "percent_covered_display": "100", "missing_lines": 0, "excluded_lines": 0, "percent_statements_covered": 100.0, "percent_statements_covered_display": "100"}, "missing_lines": [], "excluded_lines": []}, "ParkActivitySnapshotRepository.get_history": {"executed_lines": [], "summary": {"covered_lines": 0, "num_statements": 3, "percent_covered": 0.0, "percent_covered_display": "0", "missing_lines": 3, "excluded_lines": 0, "percent_statements_covered": 0.0, "percent_statements_covered_display": "0"}, "missing_lines": [253, 262, 263], "excluded_lines": []}, "ParkActivitySnapshotRepository.get_all_latest": {"executed_lines": [], "summary": {"covered_lines": 0, "num_statements": 3, "percent_covered": 0.0, "percent_covered_display": "0", "missing_lines": 3, "excluded_lines": 0, "percent_statements_covered": 0.0, "percent_statements_covered_display": "0"}, "missing_lines": [272, 287, 288], "excluded_lines": []}, "": {"executed_lines": [1, 6, 7, 8, 9, 11, 12, 13, 14, 17, 18, 27, 36, 67, 94, 140, 164, 165, 173, 182, 215, 242, 265], "summary": {"covered_lines": 20, "num_statements": 20, "percent_covered": 100.0, "percent_covered_display": "100", "missing_lines": 0, "excluded_lines": 0, "percent_statements_covered": 100.0, "percent_statements_covered_display": "100"}, "missing_lines": [], "excluded_lines": []}}, "classes": {"RideStatusSnapshotRepository": {"executed_lines": [34, 49, 58, 59, 60, 61, 63, 64, 65, 77, 86, 87, 89, 90, 92], "summary": {"covered_lines": 15, "num_statements": 24, "percent_covered": 62.5, "percent_covered_display": "62", "missing_lines": 9, "excluded_lines": 0, "percent_statements_covered": 62.5, "percent_statements_covered_display": "62"}, "missing_lines": [104, 105, 120, 122, 136, 138, 151, 160, 161], "excluded_lines": []}, "ParkActivitySnapshotRepository": {"executed_lines": [180, 195, 206, 207, 208, 209, 211, 212, 213, 225, 234, 235, 237, 238, 240], "summary": {"covered_lines": 15, "num_statements": 21, "percent_covered": 71.42857142857143, "percent_covered_display": "71", "missing_lines": 6, "excluded_lines": 0, "percent_statements_covered": 71.42857142857143, "percent_statements_covered_display": "71"}, "missing_lines": [253, 262, 263, 272, 287, 288], "excluded_lines": []}, "": {"executed_lines": [1, 6, 7, 8, 9, 11, 12, 13, 14, 17, 18, 27, 36, 67, 94, 140, 164, 165, 173, 182, 215, 242, 265], "summary": {"covered_lines": 20, "num_statements": 20, "percent_covered": 100.0, "percent_covered_display": "100", "missing_lines": 0, "excluded_lines": 0, "percent_statements_covered": 100.0, "percent_statements_covered_display": "100"}, "missing_lines": [], "excluded_lines": []}}}, "src/database/repositories/stats_repository.py": {"executed_lines": [], "summary": {"covered_lines": 0, "num_statements": 65, "percent_covered": 0.0, "percent_covered_display": "0", "missing_lines": 65, "excluded_lines": 0, "percent_statements_covered": 0.0, "percent_statements_covered_display": "0"}, "missing_lines": [6, 7, 8, 10, 13, 24, 31, 35, 54, 71, 77, 79, 96, 113, 118, 120, 137, 154, 159, 163, 182, 200, 206, 208, 225, 243, 248, 252, 271, 289, 295, 299, 316, 317, 329, 342, 343, 345, 362, 363, 376, 390, 391, 395, 412, 413, 427, 428, 443, 444, 460, 475, 479, 483, 496, 498, 514, 515, 516, 518, 519, 521, 528, 540, 541], "excluded_lines": [], "functions": {"StatsRepository.__init__": {"executed_lines": [], "summary": {"covered_lines": 0, "num_statements": 1, "percent_covered": 0.0, "percent_covered_display": "0", "missing_lines": 1, "excluded_lines": 0, "percent_statements_covered": 0.0, "percent_statements_covered_display": "0"}, "missing_lines": [31], "excluded_lines": []}, "StatsRepository.get_park_daily_stats": {"executed_lines": [], "summary": {"covered_lines": 0, "num_statements": 3, "percent_covered": 0.0, "percent_covered_display": "0", "missing_lines": 3, "excluded_lines": 0, "percent_statements_covered": 0.0, "percent_statements_covered_display": "0"}, "missing_lines": [54, 71, 77], "excluded_lines": []}, "StatsRepository.get_park_weekly_stats": {"executed_lines": [], "summary": {"covered_lines": 0, "num_statements": 3, "percent_covered": 0.0, "percent_covered_display": "0", "missing_lines": 3, "excluded_lines": 0, "percent_statements_covered": 0.0, "percent_statements_covered_display": "0"}, "missing_lines": [96, 113, 118], "excluded_lines": []}, "StatsRepository.get_park_monthly_stats": {"executed_lines": [], "summary": {"covered_lines": 0, "num_statements": 3, "percent_covered": 0.0, "percent_covered_display": "0", "missing_lines": 3, "excluded_lines": 0, "percent_statements_covered": 0.0, "percent_statements_covered_display": "0"}, "missing_lines": [137, 154, 159], "excluded_lines": []}, "StatsRepository.get_ride_daily_stats": {"executed_lines": [], "summary": {"covered_lines": 0, "num_statements": 3, "percent_covered": 0.0, "percent_covered_display": "0", "missing_lines": 3, "excluded_lines": 0, "percent_statements_covered": 0.0, "percent_statements_covered_display": "0"}, "missing_lines": [182, 200, 206], "excluded_lines": []}, "StatsRepository.get_ride_weekly_stats": {"executed_lines": [], "summary": {"covered_lines": 0, "num_statements": 3, "percent_covered": 0.0, "percent_covered_display": "0", "missing_lines": 3, "excluded_lines": 0, "percent_statements_covered": 0.0, "percent_statements_covered_display": "0"}, "missing_lines": [225, 243, 248], "excluded_lines": []}, "StatsRepository.get_park_operating_sessions": {"executed_lines": [], "summary": {"covered_lines": 0, "num_statements": 3, "percent_covered": 0.0, "percent_covered_display": "0", "missing_lines": 3, "excluded_lines": 0, "percent_statements_covered": 0.0, "percent_statements_covered_display": "0"}, "missing_lines": [271, 289, 295], "excluded_lines": []}, "StatsRepository.get_park_downtime_trend": {"executed_lines": [], "summary": {"covered_lines": 0, "num_statements": 5, "percent_covered": 0.0, "percent_covered_display": "0", "missing_lines": 5, "excluded_lines": 0, "percent_statements_covered": 0.0, "percent_statements_covered_display": "0"}, "missing_lines": [316, 317, 329, 342, 343], "excluded_lines": []}, "StatsRepository.get_ride_downtime_trend": {"executed_lines": [], "summary": {"covered_lines": 0, "num_statements": 5, "percent_covered": 0.0, "percent_covered_display": "0", "missing_lines": 5, "excluded_lines": 0, "percent_statements_covered": 0.0, "percent_statements_covered_display": "0"}, "missing_lines": [362, 363, 376, 390, 391], "excluded_lines": []}, "StatsRepository.get_park_comparison": {"executed_lines": [], "summary": {"covered_lines": 0, "num_statements": 9, "percent_covered": 0.0, "percent_covered_display": "0", "missing_lines": 9, "excluded_lines": 0, "percent_statements_covered": 0.0, "percent_statements_covered_display": "0"}, "missing_lines": [412, 413, 427, 428, 443, 444, 460, 475, 479], "excluded_lines": []}, "StatsRepository.get_last_aggregation_status": {"executed_lines": [], "summary": {"covered_lines": 0, "num_statements": 7, "percent_covered": 0.0, "percent_covered_display": "0", "missing_lines": 7, "excluded_lines": 0, "percent_statements_covered": 0.0, "percent_statements_covered_display": "0"}, "missing_lines": [496, 498, 514, 515, 516, 518, 519], "excluded_lines": []}, "StatsRepository.check_aggregation_health": {"executed_lines": [], "summary": {"covered_lines": 0, "num_statements": 3, "percent_covered": 0.0, "percent_covered_display": "0", "missing_lines": 3, "excluded_lines": 0, "percent_statements_covered": 0.0, "percent_statements_covered_display": "0"}, "missing_lines": [528, 540, 541], "excluded_lines": []}, "": {"executed_lines": [], "summary": {"covered_lines": 0, "num_statements": 17, "percent_covered": 0.0, "percent_covered_display": "0", "missing_lines": 17, "excluded_lines": 0, "percent_statements_covered": 0.0, "percent_statements_covered_display": "0"}, "missing_lines": [6, 7, 8, 10, 13, 24, 35, 79, 120, 163, 208, 252, 299, 345, 395, 483, 521], "excluded_lines": []}}, "classes": {"StatsRepository": {"executed_lines": [], "summary": {"covered_lines": 0, "num_statements": 48, "percent_covered": 0.0, "percent_covered_display": "0", "missing_lines": 48, "excluded_lines": 0, "percent_statements_covered": 0.0, "percent_statements_covered_display": "0"}, "missing_lines": [31, 54, 71, 77, 96, 113, 118, 137, 154, 159, 182, 200, 206, 225, 243, 248, 271, 289, 295, 316, 317, 329, 342, 343, 362, 363, 376, 390, 391, 412, 413, 427, 428, 443, 444, 460, 475, 479, 496, 498, 514, 515, 516, 518, 519, 528, 540, 541], "excluded_lines": []}, "": {"executed_lines": [], "summary": {"covered_lines": 0, "num_statements": 17, "percent_covered": 0.0, "percent_covered_display": "0", "missing_lines": 17, "excluded_lines": 0, "percent_statements_covered": 0.0, "percent_statements_covered_display": "0"}, "missing_lines": [6, 7, 8, 10, 13, 24, 35, 79, 120, 163, 208, 252, 299, 345, 395, 483, 521], "excluded_lines": []}}}, "src/database/repositories/status_change_repository.py": {"executed_lines": [1, 6, 7, 8, 9, 11, 12, 13, 14, 17, 
[...]
s": {"executed_lines": [], "summary": {"covered_lines": 0, "num_statements": 6, "percent_covered": 0.0, "percent_covered_display": "0", "missing_lines": 6, "excluded_lines": 0, "percent_statements_covered": 0.0, "percent_statements_covered_display": "0"}, "missing_lines": [321, 322, 324, 325, 326, 327], "excluded_lines": []}, "ParkCollector._process_ride": {"executed_lines": [], "summary": {"covered_lines": 0, "num_statements": 17, "percent_covered": 0.0, "percent_covered_display": "0", "missing_lines": 17, "excluded_lines": 0, "percent_statements_covered": 0.0, "percent_statements_covered_display": "0"}, "missing_lines": [339, 340, 342, 343, 346, 348, 357, 359, 360, 361, 362, 365, 366, 367, 369, 370, 371], "excluded_lines": []}, "ParkCollector._print_summary": {"executed_lines": [], "summary": {"covered_lines": 0, "num_statements": 17, "percent_covered": 0.0, "percent_covered_display": "0", "missing_lines": 17, "excluded_lines": 0, "percent_statements_covered": 0.0, "percent_statements_covered_display": "0"}, "missing_lines": [375, 376, 377, 378, 379, 380, 381, 382, 383, 384, 385, 386, 387, 388, 389, 390, 391], "excluded_lines": []}, "main": {"executed_lines": [], "summary": {"covered_lines": 0, "num_statements": 5, "percent_covered": 0.0, "percent_covered_display": "0", "missing_lines": 5, "excluded_lines": 0, "percent_statements_covered": 0.0, "percent_statements_covered_display": "0"}, "missing_lines": [396, 399, 405, 407, 408], "excluded_lines": []}, "": {"executed_lines": [], "summary": {"covered_lines": 0, "num_statements": 28, "percent_covered": 0.0, "percent_covered_display": "0", "missing_lines": 28, "excluded_lines": 0, "percent_statements_covered": 0.0, "percent_statements_covered_display": "0"}, "missing_lines": [16, 17, 18, 19, 20, 23, 24, 26, 27, 28, 29, 30, 31, 34, 39, 60, 103, 120, 162, 196, 255, 286, 311, 329, 373, 394, 411, 412], "excluded_lines": []}}, "classes": {"ParkCollector": {"executed_lines": [], "summary": {"covered_lines": 0, "num_statements": 153, "percent_covered": 0.0, "percent_covered_display": "0", "missing_lines": 153, "excluded_lines": 0, "percent_statements_covered": 0.0, "percent_statements_covered_display": "0"}, "missing_lines": [46, 47, 49, 64, 65, 66, 68, 69, 71, 73, 74, 75, 77, 79, 80, 81, 84, 85, 86, 87, 89, 90, 93, 95, 96, 97, 99, 100, 101, 105, 106, 107, 110, 111, 112, 113, 114, 116, 117, 118, 127, 128, 131, 132, 133, 134, 137, 139, 142, 144, 145, 146, 147, 148, 151, 153, 154, 156, 158, 159, 160, 171, 172, 174, 175, 176, 179, 180, 181, 182, 185, 186, 189, 190, 192, 193, 194, 207, 208, 211, 214, 215, 216, 217, 220, 221, 223, 238, 240, 241, 242, 243, 246, 247, 248, 249, 251, 252, 253, 266, 284, 296, 298, 299, 300, 301, 302, 303, 304, 305, 306, 307, 309, 321, 322, 324, 325, 326, 327, 339, 340, 342, 343, 346, 348, 357, 359, 360, 361, 362, 365, 366, 367, 369, 370, 371, 375, 376, 377, 378, 379, 380, 381, 382, 383, 384, 385, 386, 387, 388, 389, 390, 391], "excluded_lines": []}, "": {"executed_lines": [], "summary": {"covered_lines": 0, "num_statements": 33, "percent_covered": 0.0, "percent_covered_display": "0", "missing_lines": 33, "excluded_lines": 0, "percent_statements_covered": 0.0, "percent_statements_covered_display": "0"}, "missing_lines": [16, 17, 18, 19, 20, 23, 24, 26, 27, 28, 29, 30, 31, 34, 39, 60, 103, 120, 162, 196, 255, 286, 311, 329, 373, 394, 396, 399, 405, 407, 408, 411, 412], "excluded_lines": []}}}, "src/scripts/collect_snapshots.py": {"executed_lines": [], "summary": {"covered_lines": 0, "num_statements": 127, "percent_covered": 0.0, "percent_covered_display": "0", "missing_lines": 127, "excluded_lines": 0, "percent_statements_covered": 0.0, "percent_statements_covered_display": "0"}, "missing_lines": [15, 16, 17, 18, 21, 22, 24, 25, 26, 27, 28, 29, 30, 33, 38, 39, 41, 50, 52, 54, 55, 56, 58, 60, 61, 62, 63, 64, 65, 67, 68, 71, 72, 75, 77, 78, 79, 81, 82, 83, 85, 98, 99, 100, 102, 103, 104, 107, 109, 110, 111, 114, 115, 116, 118, 121, 122, 124, 127, 128, 129, 131, 143, 144, 153, 155, 156, 158, 170, 171, 174, 175, 176, 177, 179, 180, 183, 184, 187, 188, 191, 194, 196, 197, 198, 200, 213, 214, 223, 224, 226, 227, 229, 241, 243, 244, 245, 246, 252, 256, 258, 259, 262, 264, 265, 268, 269, 272, 281, 282, 284, 285, 288, 293, 294, 296, 298, 299, 300, 301, 302, 303, 306, 308, 309, 312, 313], "excluded_lines": [], "functions": {"SnapshotCollector.__init__": {"executed_lines": [], "summary": {"covered_lines": 0, "num_statements": 3, "percent_covered": 0.0, "percent_covered_display": "0", "missing_lines": 3, "excluded_lines": 0, "percent_statements_covered": 0.0, "percent_statements_covered_display": "0"}, "missing_lines": [39, 41, 50], "excluded_lines": []}, "SnapshotCollector.run": {"executed_lines": [], "summary": {"covered_lines": 0, "num_statements": 21, "percent_covered": 0.0, "percent_covered_display": "0", "missing_lines": 21, "excluded_lines": 0, "percent_statements_covered": 0.0, "percent_statements_covered_display": "0"}, "missing_lines": [54, 55, 56, 58, 60, 61, 62, 63, 64, 65, 67, 68, 71, 72, 75, 77, 78, 79, 81, 82, 83], "excluded_lines": []}, "SnapshotCollector._process_park": {"executed_lines": [], "summary": {"covered_lines": 0, "num_statements": 20, "percent_covered": 0.0, "percent_covered_display": "0", "missing_lines": 20, "excluded_lines": 0, "percent_statements_covered": 0.0, "percent_statements_covered_display": "0"}, "missing_lines": [98, 99, 100, 102, 103, 104, 107, 109, 110, 111, 114, 115, 116, 118, 121, 122, 124, 127, 128, 129], "excluded_lines": []}, "SnapshotCollector._store_park_activity": {"executed_lines": [], "summary": {"covered_lines": 0, "num_statements": 5, "percent_covered": 0.0, "percent_covered_display": "0", "missing_lines": 5, "excluded_lines": 0, "percent_statements_covered": 0.0, "percent_statements_covered_display": "0"}, "missing_lines": [143, 144, 153, 155, 156], "excluded_lines": []}, "SnapshotCollector._process_ride": {"executed_lines": [], "summary": {"covered_lines": 0, "num_statements": 17, "percent_covered": 0.0, "percent_covered_display": "0", "missing_lines": 17, "excluded_lines": 0, "percent_statements_covered": 0.0, "percent_statements_covered_display": "0"}, "missing_lines": [170, 171, 174, 175, 176, 177, 179, 180, 183, 184, 187, 188, 191, 194, 196, 197, 198], "excluded_lines": []}, "SnapshotCollector._store_snapshot": {"executed_lines": [], "summary": {"covered_lines": 0, "num_statements": 6, "percent_covered": 0.0, "percent_covered_display": "0", "missing_lines": 6, "excluded_lines": 0, "percent_statements_covered": 0.0, "percent_statements_covered_display": "0"}, "missing_lines": [213, 214, 223, 224, 226, 227], "excluded_lines": []}, "SnapshotCollector._detect_status_change": {"executed_lines": [], "summary": {"covered_lines": 0, "num_statements": 22, "percent_covered": 0.0, "percent_covered_display": "0", "missing_lines": 22, "excluded_lines": 0, "percent_statements_covered": 0.0, "percent_statements_covered_display": "0"}, "missing_lines": [241, 243, 244, 245, 246, 252, 256, 258, 259, 262, 264, 265, 268, 269, 272, 281, 282, 284, 285, 288, 293, 294], "excluded_lines": []}, "SnapshotCollector._print_summary": {"executed_lines": [], "summary": {"covered_lines": 0, "num_statements": 6, "percent_covered": 0.0, "percent_covered_display": "0", "missing_lines": 6, "excluded_lines": 0, "percent_statements_covered": 0.0, "percent_statements_covered_display": "0"}, "missing_lines": [298, 299, 300, 301, 302, 303], "excluded_lines": []}, "main": {"executed_lines": [], "summary": {"covered_lines": 0, "num_statements": 2, "percent_covered": 0.0, "percent_covered_display": "0", "missing_lines": 2, "excluded_lines": 0, "percent_statements_covered": 0.0, "percent_statements_covered_display": "0"}, "missing_lines": [308, 309], "excluded_lines": []}, "": {"executed_lines": [], "summary": {"covered_lines": 0, "num_statements": 25, "percent_covered": 0.0, "percent_covered_display": "0", "missing_lines": 25, "excluded_lines": 0, "percent_statements_covered": 0.0, "percent_statements_covered_display": "0"}, "missing_lines": [15, 16, 17, 18, 21, 22, 24, 25, 26, 27, 28, 29, 30, 33, 38, 52, 85, 131, 158, 200, 229, 296, 306, 312, 313], "excluded_lines": []}}, "classes": {"SnapshotCollector": {"executed_lines": [], "summary": {"covered_lines": 0, "num_statements": 100, "percent_covered": 0.0, "percent_covered_display": "0", "missing_lines": 100, "excluded_lines": 0, "percent_statements_covered": 0.0, "percent_statements_covered_display": "0"}, "missing_lines": [39, 41, 50, 54, 55, 56, 58, 60, 61, 62, 63, 64, 65, 67, 68, 71, 72, 75, 77, 78, 79, 81, 82, 83, 98, 99, 100, 102, 103, 104, 107, 109, 110, 111, 114, 115, 116, 118, 121, 122, 124, 127, 128, 129, 143, 144, 153, 155, 156, 170, 171, 174, 175, 176, 177, 179, 180, 183, 184, 187, 188, 191, 194, 196, 197, 198, 213, 214, 223, 224, 226, 227, 241, 243, 244, 245, 246, 252, 256, 258, 259, 262, 264, 265, 268, 269, 272, 281, 282, 284, 285, 288, 293, 294, 298, 299, 300, 301, 302, 303], "excluded_lines": []}, "": {"executed_lines": [], "summary": {"covered_lines": 0, "num_statements": 27, "percent_covered": 0.0, "percent_covered_display": "0", "missing_lines": 27, "excluded_lines": 0, "percent_statements_covered": 0.0, "percent_statements_covered_display": "0"}, "missing_lines": [15, 16, 17, 18, 21, 22, 24, 25, 26, 27, 28, 29, 30, 33, 38, 52, 85, 131, 158, 200, 229, 296, 306, 308, 309, 312, 313], "excluded_lines": []}}}, "src/utils/__init__.py": {"executed_lines": [0], "summary": {"covered_lines": 0, "num_statements": 0, "percent_covered": 100.0, "percent_covered_display": "100", "missing_lines": 0, "excluded_lines": 0, "percent_statements_covered": 100.0, "percent_statements_covered_display": "100"}, "missing_lines": [], "excluded_lines": [], "functions": {"": {"executed_lines": [], "summary": {"covered_lines": 0, "num_statements": 0, "percent_covered": 100.0, "percent_covered_display": "100", "missing_lines": 0, "excluded_lines": 0, "percent_statements_covered": 100.0, "percent_statements_covered_display": "100"}, "missing_lines": [], "excluded_lines": []}}, "classes": {"": {"executed_lines": [], "summary": {"covered_lines": 0, "num_statements": 0, "percent_covered": 100.0, "percent_covered_display": "100", "missing_lines": 0, "excluded_lines": 0, "percent_statements_covered": 100.0, "percent_statements_covered_display": "100"}, "missing_lines": [], "excluded_lines": []}}}, "src/utils/config.py": {"executed_lines": [1, 7, 8, 9, 12, 15, 16, 22, 23, 24, 26, 37, 38, 40, 42, 57, 58, 59, 60, 65, 66, 68, 72, 74, 76, 77, 78, 83, 85, 86, 88, 89, 93, 99, 110, 111, 112, 113, 115, 116, 120, 122, 133, 134, 136, 138, 139, 141, 143, 144, 146, 149, 150, 151, 155, 159, 160, 161, 162, 163, 166, 167, 170, 171, 172, 175, 178, 179, 180, 183, 186, 187, 190, 191, 192, 193], "summary": {"covered_lines": 73, "num_statements": 75, "percent_covered": 97.33333333333333, "percent_covered_display": "97", "missing_lines": 2, "excluded_lines": 0, "percent_statements_covered": 97.33333333333333, "percent_statements_covered_display": "97"}, "missing_lines": [94, 135], "excluded_lines": [], "functions": {"Config.__init__": {"executed_lines": [23, 24], "summary": {"covered_lines": 2, "num_statements": 2, "percent_covered": 100.0, "percent_covered_display": "100", "missing_lines": 0, "excluded_lines": 0, "percent_statements_covered": 100.0, "percent_statements_covered_display": "100"}, "missing_lines": [], "excluded_lines": []}, "Config.get": {"executed_lines": [37, 38, 40], "summary": {"covered_lines": 3, "num_statements": 3, "percent_covered": 100.0, "percent_covered_display": "100", "missing_lines": 0, "excluded_lines": 0, "percent_statements_covered": 100.0, "percent_statements_covered_display": "100"}, "missing_lines": [], "excluded_lines": []}, "Config._get_from_ssm": {"executed_lines": [57, 58, 59, 60, 65, 66, 68, 72, 74, 76, 77, 78, 83, 85, 86, 88, 89, 93], "summary": {"covered_lines": 18, "num_statements": 19, "percent_covered": 94.73684210526316, "percent_covered_display": "95", "missing_lines": 1, "excluded_lines": 0, "percent_statements_covered": 94.73684210526316, "percent_statements_covered_display": "95"}, "missing_lines": [94], "excluded_lines": []}, "Config.get_int": {"executed_lines": [110, 111, 112, 113, 115, 116, 120], "summary": {"covered_lines": 7, "num_statements": 7, "percent_covered": 100.0, "percent_covered_display": "100", "missing_lines": 0, "excluded_lines": 0, "percent_statements_covered": 100.0, "percent_statements_covered_display": "100"}, "missing_lines": [], "excluded_lines": []}, "Config.get_bool": {"executed_lines": [133, 134, 136], "summary": {"covered_lines": 3, "num_statements": 4, "percent_covered": 75.0, "percent_covered_display": "75", "missing_lines": 1, "excluded_lines": 0, "percent_statements_covered": 75.0, "percent_statements_covered_display": "75"}, "missing_lines": [135], "excluded_lines": []}, "Config.is_production": {"executed_lines": [141], "summary": {"covered_lines": 1, "num_statements": 1, "percent_covered": 100.0, "percent_covered_display": "100", "missing_lines": 0, "excluded_lines": 0, "percent_statements_covered": 100.0, "percent_statements_covered_display": "100"}, "missing_lines": [], "excluded_lines": []}, "Config.is_local": {"executed_lines": [146], "summary": {"covered_lines": 1, "num_statements": 1, "percent_covered": 100.0, "percent_covered_display": "100", "missing_lines": 0, "excluded_lines": 0, "percent_statements_covered": 100.0, "percent_statements_covered_display": "100"}, "missing_lines": [], "excluded_lines": []}, "": {"executed_lines": [1, 7, 8, 9, 12, 15, 16, 22, 26, 42, 99, 122, 138, 139, 143, 144, 149, 150, 151, 155, 159, 160, 161, 162, 163, 166, 167, 170, 171, 172, 175, 178, 179, 180, 183, 186, 187, 190, 191, 192, 193], "summary": {"covered_lines": 38, "num_statements": 38, "percent_covered": 100.0, "percent_covered_display": "100", "missing_lines": 0, "excluded_lines": 0, "percent_statements_covered": 100.0, "percent_statements_covered_display": "100"}, "missing_lines": [], "excluded_lines": []}}, "classes": {"Config": {"executed_lines": [23, 24, 37, 38, 40, 57, 58, 59, 60, 65, 66, 68, 72, 74, 76, 77, 78, 83, 85, 86, 88, 89, 93, 110, 111, 112, 113, 115, 116, 120, 133, 134, 136, 141, 146], "summary": {"covered_lines": 35, "num_statements": 37, "percent_covered": 94.5945945945946, "percent_covered_display": "95", "missing_lines": 2, "excluded_lines": 0, "percent_statements_covered": 94.5945945945946, "percent_statements_covered_display": "95"}, "missing_lines": [94, 135], "excluded_lines": []}, "ConfigurationError": {"executed_lines": [], "summary": {"covered_lines": 0, "num_statements": 0, "percent_covered": 100.0, "percent_covered_display": "100", "missing_lines": 0, "excluded_lines": 0, "percent_statements_covered": 100.0, "percent_statements_covered_display": "100"}, "missing_lines": [], "excluded_lines": []}, "": {"executed_lines": [1, 7, 8, 9, 12, 15, 16, 22, 26, 42, 99, 122, 138, 139, 143, 144, 149, 150, 151, 155, 159, 160, 161, 162, 163, 166, 167, 170, 171, 172, 175, 178, 179, 180, 183, 186, 187, 190, 191, 192, 193], "summary": {"covered_lines": 38, "num_statements": 38, "percent_covered": 100.0, "percent_covered_display": "100", "missing_lines": 0, "excluded_lines": 0, "percent_statements_covered": 100.0, "percent_statements_covered_display": "100"}, "missing_lines": [], "excluded_lines": []}}}, "src/utils/logger.py": {"executed_lines": [1, 6, 7, 8, 10, 13, 31, 34, 35, 61, 64, 66, 73, 75, 83, 85, 93, 95, 102, 104, 112, 114, 122, 124, 133, 135], "summary": {"covered_lines": 25, "num_statements": 34, "percent_covered": 73.52941176470588, "percent_covered_display": "74", "missing_lines": 9, "excluded_lines": 0, "percent_statements_covered": 73.52941176470588, "percent_statements_covered_display": "74"}, "missing_lines": [38, 39, 42, 43, 46, 50, 52, 55, 57], "excluded_lines": [], "functions": {"setup_logger": {"executed_lines": [31, 34, 35], "summary": {"covered_lines": 3, "num_statements": 12, "percent_covered": 25.0, "percent_covered_display": "25", "missing_lines": 9, "excluded_lines": 0, "percent_statements_covered": 25.0, "percent_statements_covered_display": "25"}, "missing_lines": [38, 39, 42, 43, 46, 50, 52, 55, 57], "excluded_lines": []}, "log_collection_start": {"executed_lines": [66], "summary": {"covered_lines": 1, "num_statements": 1, "percent_covered": 100.0, "percent_covered_display": "100", "missing_lines": 0, "excluded_lines": 0, "percent_statements_covered": 100.0, "percent_statements_covered_display": "100"}, "missing_lines": [], "excluded_lines": []}, "log_collection_complete": {"executed_lines": [75], "summary": {"covered_lines": 1, "num_statements": 1, "percent_covered": 100.0, "percent_covered_display": "100", "missing_lines": 0, "excluded_lines": 0, "percent_statements_covered": 100.0, "percent_statements_covered_display": "100"}, "missing_lines": [], "excluded_lines": []}, "log_collection_error": {"executed_lines": [85], "summary": {"covered_lines": 1, "num_statements": 1, "percent_covered": 100.0, "percent_covered_display": "100", "missing_lines": 0, "excluded_lines": 0, "percent_statements_covered": 100.0, "percent_statements_covered_display": "100"}, "missing_lines": [], "excluded_lines": []}, "log_aggregation_start": {"executed_lines": [95], "summary": {"covered_lines": 1, "num_statements": 1, "percent_covered": 100.0, "percent_covered_display": "100", "missing_lines": 0, "excluded_lines": 0, "percent_statements_covered": 100.0, "percent_statements_covered_display": "100"}, "missing_lines": [], "excluded_lines": []}, "log_aggregation_complete": {"executed_lines": [104], "summary": {"covered_lines": 1, "num_statements": 1, "percent_covered": 100.0, "percent_covered_display": "100", "missing_lines": 0, "excluded_lines": 0, "percent_statements_covered": 100.0, "percent_statements_covered_display": "100"}, "missing_lines": [], "excluded_lines": []}, "log_aggregation_error": {"executed_lines": [114], "summary": {"covered_lines": 1, "num_statements": 1, "percent_covered": 100.0, "percent_covered_display": "100", "missing_lines": 0, "excluded_lines": 0, "percent_statements_covered": 100.0, "percent_statements_covered_display": "100"}, "missing_lines": [], "excluded_lines": []}, "log_api_request": {"executed_lines": [124], "summary": {"covered_lines": 1, "num_statements": 1, "percent_covered": 100.0, "percent_covered_display": "100", "missing_lines": 0, "excluded_lines": 0, "percent_statements_covered": 100.0, "percent_statements_covered_display": "100"}, "missing_lines": [], "excluded_lines": []}, "log_database_error": {"executed_lines": [135], "summary": {"covered_lines": 1, "num_statements": 1, "percent_covered": 100.0, "percent_covered_display": "100", "missing_lines": 0, "excluded_lines": 0, "percent_statements_covered": 100.0, "percent_statements_covered_display": "100"}, "missing_lines": [], "excluded_lines": []}, "": {"executed_lines": [1, 6, 7, 8, 10, 13, 61, 64, 73, 83, 93, 102, 112, 122, 133], "summary": {"covered_lines": 14, "num_statements": 14, "percent_covered": 100.0, "percent_covered_display": "100", "missing_lines": 0, "excluded_lines": 0, "percent_statements_covered": 100.0, "percent_statements_covered_display": "100"}, "missing_lines": [], "excluded_lines": []}}, "classes": {"": {"executed_lines": [1, 6, 7, 8, 10, 13, 31, 34, 35, 61, 64, 66, 73, 75, 83, 85, 93, 95, 102, 104, 112, 114, 122, 124, 133, 135], "summary": {"covered_lines": 25, "num_statements": 34, "percent_covered": 73.52941176470588, "percent_covered_display": "74", "missing_lines": 9, "excluded_lines": 0, "percent_statements_covered": 73.52941176470588, "percent_statements_covered_display": "74"}, "missing_lines": [38, 39, 42, 43, 46, 50, 52, 55, 57], "excluded_lines": []}}}}, "totals": {"covered_lines": 980, "num_statements": 1984, "percent_covered": 49.395161290322584, "percent_covered_display": "49", "missing_lines": 1004, "excluded_lines": 0, "percent_statements_covered": 49.395161290322584, "percent_statements_covered_display": "49"}}